#
# There is insufficient memory for the Java Runtime Environment to continue.
# Native memory allocation (mmap) failed to map 264241152 bytes for G1 virtual space
# Possible reasons:
#   The system is out of physical RAM or swap space
#   The process is running with CompressedOops enabled, and the Java Heap may be blocking the growth of the native heap
# Possible solutions:
#   Reduce memory load on the system
#   Increase physical memory or swap space
#   Check if swap backing store is full
#   Decrease Java heap size (-Xmx/-Xms)
#   Decrease number of Java threads
#   Decrease Java thread stack sizes (-Xss)
#   Set larger code cache with -XX:ReservedCodeCacheSize=
#   JVM is running with Zero Based Compressed Oops mode in which the Java heap is
#     placed in the first 32GB address space. The Java Heap base address is the
#     maximum limit for the native heap growth. Please use -XX:HeapBaseMinAddress
#     to set the Java Heap base and to place the Java Heap above 32GB virtual address.
# This output file may be truncated or incomplete.
#
#  Out of Memory Error (os_windows.cpp:3600), pid=39672, tid=12040
#
# JRE version:  (21.0.4+8) (build )
# Java VM: Java HotSpot(TM) 64-Bit Server VM (21.0.4+8-LTS-274, mixed mode, sharing, tiered, compressed oops, compressed class ptrs, g1 gc, windows-amd64)
# No core dump will be written. Minidumps are not enabled by default on client versions of Windows
#

---------------  S U M M A R Y ------------

Command Line: -Dnet.bytebuddy.agent.attacher.dump= net.bytebuddy.agent.Attacher com.sun.tools.attach.VirtualMachine 39228 C:\Users\jqalvarado\.m2\repository\net\bytebuddy\byte-buddy-agent\1.15.11\byte-buddy-agent-1.15.11.jar false 

Host: Intel(R) Core(TM) i7-10700 CPU @ 2.90GHz, 16 cores, 15G,  Windows 11 , 64 bit Build 22621 (10.0.22621.3958)
Time: Tue May 27 15:26:08 2025 Hora estándar oeste, Sudamérica elapsed time: 0.011073 seconds (0d 0h 0m 0s)

---------------  T H R E A D  ---------------

Current thread (0x000001f4e462f990):  JavaThread "Unknown thread" [_thread_in_vm, id=12040, stack(0x000000b991200000,0x000000b991300000) (1024K)]

Stack: [0x000000b991200000,0x000000b991300000]
Native frames: (J=compiled Java code, j=interpreted, Vv=VM code, C=native code)
V  [jvm.dll+0x6c8e59]
V  [jvm.dll+0x853181]
V  [jvm.dll+0x8556ae]
V  [jvm.dll+0x855d83]
V  [jvm.dll+0x27d526]
V  [jvm.dll+0x6c55f5]
V  [jvm.dll+0x6ba17a]
V  [jvm.dll+0x352a8a]
V  [jvm.dll+0x35a6e6]
V  [jvm.dll+0x3acdae]
V  [jvm.dll+0x3ad058]
V  [jvm.dll+0x326dec]
V  [jvm.dll+0x32794b]
V  [jvm.dll+0x81c569]
V  [jvm.dll+0x3b9a11]
V  [jvm.dll+0x805948]
V  [jvm.dll+0x44ec5e]
V  [jvm.dll+0x450851]
C  [jli.dll+0x52a3]
C  [ucrtbase.dll+0x29333]
C  [KERNEL32.DLL+0x1257d]
C  [ntdll.dll+0x5af08]


---------------  P R O C E S S  ---------------

Threads class SMR info:
_java_thread_list=0x00007fffb8606c08, length=0, elements={
}

Java Threads: ( => current thread )
Total: 0

Other Threads:
  0x000001f4e69ee800 WorkerThread "GC Thread#0"                     [id=38072, stack(0x000000b991300000,0x000000b991400000) (1024K)]
  0x000001f4e6a000b0 ConcurrentGCThread "G1 Main Marker"            [id=14720, stack(0x000000b991400000,0x000000b991500000) (1024K)]
  0x000001f4e6a01260 WorkerThread "G1 Conc#0"                       [id=9336, stack(0x000000b991500000,0x000000b991600000) (1024K)]

[error occurred during error reporting (printing all threads), id 0xc0000005, EXCEPTION_ACCESS_VIOLATION (0xc0000005) at pc=0x00007fffb7d79577]
VM state: not at safepoint (not fully initialized)

VM Mutex/Monitor currently owned by a thread:  ([mutex/lock_event])
[0x00007fffb8677f98] Heap_lock - owner thread: 0x000001f4e462f990

Heap address: 0x0000000704000000, size: 4032 MB, Compressed Oops mode: Zero based, Oop shift amount: 3

CDS archive(s) mapped at: [0x0000000000000000-0x0000000000000000-0x0000000000000000), size 0, SharedBaseAddress: 0x0000000800000000, ArchiveRelocationMode: 1.
Narrow klass base: 0x0000000000000000, Narrow klass shift: 0, Narrow klass range: 0x0

GC Precious Log:
 CardTable entry size: 512
 Card Set container configuration: InlinePtr #cards 4 size 8 Array Of Cards #cards 16 size 48 Howl #buckets 8 coarsen threshold 3686 Howl Bitmap #cards 512 size 80 coarsen threshold 460 Card regions per heap region 1 cards per card region 4096

Heap:
 garbage-first heap   total 0K, used 0K [0x0000000704000000, 0x0000000800000000)
  region size 2048K, 0 young (0K), 0 survivors (0K)

[error occurred during error reporting (printing heap information), id 0xc0000005, EXCEPTION_ACCESS_VIOLATION (0xc0000005) at pc=0x00007fffb8161df9]
GC Heap History (0 events):
No events

Dll operation events (1 events):
Event: 0.007 Loaded shared library C:\Program Files\Java\jdk-21\bin\java.dll

Deoptimization events (0 events):
No events

Classes loaded (0 events):
No events

Classes unloaded (0 events):
No events

Classes redefined (0 events):
No events

Internal exceptions (0 events):
No events

ZGC Phase Switch (0 events):
No events

VM Operations (0 events):
No events

Events (0 events):
No events


Dynamic libraries:
0x00007ff6d0f40000 - 0x00007ff6d0f50000 	C:\Program Files\Java\jdk-21\bin\java.exe
0x00007ff833030000 - 0x00007ff833247000 	C:\Windows\SYSTEM32\ntdll.dll
0x00007ff831a00000 - 0x00007ff831ac4000 	C:\Windows\System32\KERNEL32.DLL
0x00007ff830530000 - 0x00007ff8308e7000 	C:\Windows\System32\KERNELBASE.dll
0x00007ff830b80000 - 0x00007ff830c91000 	C:\Windows\System32\ucrtbase.dll
0x00007ff81ed10000 - 0x00007ff81ed29000 	C:\Program Files\Java\jdk-21\bin\jli.dll
0x00007ff832c90000 - 0x00007ff832d42000 	C:\Windows\System32\ADVAPI32.dll
0x00007ff81d160000 - 0x00007ff81d17b000 	C:\Program Files\Java\jdk-21\bin\VCRUNTIME140.dll
0x00007ff832d50000 - 0x00007ff832df7000 	C:\Windows\System32\msvcrt.dll
0x00007ff831190000 - 0x00007ff831238000 	C:\Windows\System32\sechost.dll
0x00007ff8309c0000 - 0x00007ff8309e8000 	C:\Windows\System32\bcrypt.dll
0x00007ff8313f0000 - 0x00007ff831504000 	C:\Windows\System32\RPCRT4.dll
0x00007ff832020000 - 0x00007ff8321cf000 	C:\Windows\System32\USER32.dll
0x00007ff830990000 - 0x00007ff8309b6000 	C:\Windows\System32\win32u.dll
0x00007ff830e60000 - 0x00007ff830e89000 	C:\Windows\System32\GDI32.dll
0x00007ff817e60000 - 0x00007ff8180f3000 	C:\Windows\WinSxS\amd64_microsoft.windows.common-controls_6595b64144ccf1df_6.0.22621.3672_none_2713b9d173822955\COMCTL32.dll
0x00007ff830a60000 - 0x00007ff830b78000 	C:\Windows\System32\gdi32full.dll
0x00007ff8308f0000 - 0x00007ff83098a000 	C:\Windows\System32\msvcp_win.dll
0x00007ff8280b0000 - 0x00007ff8280ba000 	C:\Windows\SYSTEM32\VERSION.dll
0x00007ff8321d0000 - 0x00007ff832201000 	C:\Windows\System32\IMM32.DLL
0x00007ff828760000 - 0x00007ff82876c000 	C:\Program Files\Java\jdk-21\bin\vcruntime140_1.dll
0x00007fffe3b80000 - 0x00007fffe3c0e000 	C:\Program Files\Java\jdk-21\bin\msvcp140.dll
0x00007fffb7a40000 - 0x00007fffb8753000 	C:\Program Files\Java\jdk-21\bin\server\jvm.dll
0x00007ff832e60000 - 0x00007ff832ed1000 	C:\Windows\System32\WS2_32.dll
0x00007ff82fad0000 - 0x00007ff82fb1d000 	C:\Windows\SYSTEM32\POWRPROF.dll
0x00007ff819440000 - 0x00007ff819474000 	C:\Windows\SYSTEM32\WINMM.dll
0x00007ff82fab0000 - 0x00007ff82fac3000 	C:\Windows\SYSTEM32\UMPDC.dll
0x00007ff82f350000 - 0x00007ff82f368000 	C:\Windows\SYSTEM32\kernel.appcore.dll
0x00007ff8205d0000 - 0x00007ff8205da000 	C:\Program Files\Java\jdk-21\bin\jimage.dll
0x00007ff818100000 - 0x00007ff818332000 	C:\Windows\SYSTEM32\DBGHELP.DLL
0x00007ff831ad0000 - 0x00007ff831e5e000 	C:\Windows\System32\combase.dll
0x00007ff832f00000 - 0x00007ff832fd7000 	C:\Windows\System32\OLEAUT32.dll
0x00007ffffe950000 - 0x00007ffffe982000 	C:\Windows\SYSTEM32\dbgcore.DLL
0x00007ff8304b0000 - 0x00007ff83052b000 	C:\Windows\System32\bcryptPrimitives.dll
0x00007ff81cad0000 - 0x00007ff81caef000 	C:\Program Files\Java\jdk-21\bin\java.dll

dbghelp: loaded successfully - version: 4.0.5 - missing functions: none
symbol engine: initialized successfully - sym options: 0x614 - pdb path: .;C:\Program Files\Java\jdk-21\bin;C:\Windows\SYSTEM32;C:\Windows\WinSxS\amd64_microsoft.windows.common-controls_6595b64144ccf1df_6.0.22621.3672_none_2713b9d173822955;C:\Program Files\Java\jdk-21\bin\server

VM Arguments:
jvm_args: -Dnet.bytebuddy.agent.attacher.dump= 
java_command: net.bytebuddy.agent.Attacher com.sun.tools.attach.VirtualMachine 39228 C:\Users\jqalvarado\.m2\repository\net\bytebuddy\byte-buddy-agent\1.15.11\byte-buddy-agent-1.15.11.jar false 
java_class_path (initial): C:\Users\jqalvarado\.m2\repository\net\bytebuddy\byte-buddy-agent\1.15.11\byte-buddy-agent-1.15.11.jar
Launcher Type: SUN_STANDARD

[Global flags]
     intx CICompilerCount                          = 12                                        {product} {ergonomic}
     uint ConcGCThreads                            = 3                                         {product} {ergonomic}
     uint G1ConcRefinementThreads                  = 13                                        {product} {ergonomic}
   size_t G1HeapRegionSize                         = 2097152                                   {product} {ergonomic}
    uintx GCDrainStackTargetSize                   = 64                                        {product} {ergonomic}
   size_t InitialHeapSize                          = 264241152                                 {product} {ergonomic}
   size_t MarkStackSize                            = 4194304                                   {product} {ergonomic}
   size_t MaxHeapSize                              = 4227858432                                {product} {ergonomic}
   size_t MinHeapDeltaBytes                        = 2097152                                   {product} {ergonomic}
   size_t MinHeapSize                              = 8388608                                   {product} {ergonomic}
    uintx NonNMethodCodeHeapSize                   = 7602480                                {pd product} {ergonomic}
    uintx NonProfiledCodeHeapSize                  = 122027880                              {pd product} {ergonomic}
    uintx ProfiledCodeHeapSize                     = 122027880                              {pd product} {ergonomic}
    uintx ReservedCodeCacheSize                    = 251658240                              {pd product} {ergonomic}
     bool SegmentedCodeCache                       = true                                      {product} {ergonomic}
   size_t SoftMaxHeapSize                          = 4227858432                             {manageable} {ergonomic}
     bool UseCompressedOops                        = true                           {product lp64_product} {ergonomic}
     bool UseG1GC                                  = true                                      {product} {ergonomic}
     bool UseLargePagesIndividualAllocation        = false                                  {pd product} {ergonomic}

Logging:
Log output configuration:
 #0: stdout all=warning uptime,level,tags foldmultilines=false
 #1: stderr all=off uptime,level,tags foldmultilines=false

Environment Variables:
JAVA_HOME=C:\Program Files\Java\jdk1.7.0_80
PATH=C:\Program Files\Common Files\Oracle\Java\javapath;C:\Program Files (x86)\Common Files\Oracle\Java\javapath;D:\app\jqalvarado\product\11.2.0\client_1;D:\app\jqalvarado\product\12.1.0\dbhome_1\bin;C:\Program Files (x86)\RSA SecurID Token Common;C:\Program Files\RSA SecurID Token Common;C:\Windows\system32;C:\Windows;C:\Windows\System32\Wbem;C:\Windows\System32\WindowsPowerShell\v1.0\;C:\Windows\System32\OpenSSH\;C:\Program Files (x86)\CheckPoint\Endpoint Security\Endpoint Common\bin;C:\Program Files\Git\cmd;D:\INSTALADORES\share_jboss\jboss\apache-maven-3.2.3\bin;C:\Program Files\Java\jdk1.7.0_80\bin;C:\Users\jqalvarado\AppData\Local\Microsoft\WindowsApps;C:\Users\jqalvarado\AppData\Local\Programs\Microsoft VS Code\bin;C:\Users\jqalvarado\AppData\Local\Programs\EmEditor
USERNAME=jqalvarado
OS=Windows_NT
PROCESSOR_IDENTIFIER=Intel64 Family 6 Model 165 Stepping 5, GenuineIntel
TMP=C:\Users\JQALVA~1\AppData\Local\Temp
TEMP=C:\Users\JQALVA~1\AppData\Local\Temp




Periodic native trim disabled

---------------  S Y S T E M  ---------------

OS:
 Windows 11 , 64 bit Build 22621 (10.0.22621.3958)
OS uptime: 32 days 6:10 hours
Hyper-V role detected

CPU: total 16 (initial active 16) (8 cores per cpu, 2 threads per core) family 6 model 165 stepping 5 microcode 0xf6, cx8, cmov, fxsr, ht, mmx, 3dnowpref, sse, sse2, sse3, ssse3, sse4.1, sse4.2, popcnt, lzcnt, tsc, tscinvbit, avx, avx2, aes, erms, clmul, bmi1, bmi2, adx, fma, vzeroupper, clflush, clflushopt, hv, rdtscp, f16c
Processor Information for all 16 processors :
  Max Mhz: 2904, Current Mhz: 2904, Mhz Limit: 2904

Memory: 4k page, system-wide physical 16121M (585M free)
TotalPageFile size 45817M (AvailPageFile size 248M)
current process WorkingSet (physical memory assigned to process): 11M, peak: 11M
current process commit charge ("private bytes"): 71M, peak: 322M

vm_info: Java HotSpot(TM) 64-Bit Server VM (21.0.4+8-LTS-274) for windows-amd64 JRE (21.0.4+8-LTS-274), built on 2024-06-05T05:23:33Z by "mach5one" with MS VC++ 17.6 (VS2022)

END.
