#
# There is insufficient memory for the Java Runtime Environment to continue.
# Native memory allocation (malloc) failed to allocate 1376496 bytes. Error detail: Chunk::new
# Possible reasons:
#   The system is out of physical RAM or swap space
#   This process is running with CompressedOops enabled, and the Java Heap may be blocking the growth of the native heap
# Possible solutions:
#   Reduce memory load on the system
#   Increase physical memory or swap space
#   Check if swap backing store is full
#   Decrease Java heap size (-Xmx/-Xms)
#   Decrease number of Java threads
#   Decrease Java thread stack sizes (-Xss)
#   Set larger code cache with -XX:ReservedCodeCacheSize=
#   JVM is running with Unscaled Compressed Oops mode in which the Java heap is
#     placed in the first 4GB address space. The Java Heap base address is the
#     maximum limit for the native heap growth. Please use -XX:HeapBaseMinAddress
#     to set the Java Heap base and to place the Java Heap above 4GB virtual address.
# This output file may be truncated or incomplete.
#
#  Out of Memory Error (arena.cpp:168), pid=31440, tid=43144
#
# JRE version: OpenJDK Runtime Environment Temurin-21.0.7+6 (21.0.7+6) (build 21.0.7+6-LTS)
# Java VM: OpenJDK 64-Bit Server VM Temurin-21.0.7+6 (21.0.7+6-LTS, mixed mode, sharing, tiered, compressed oops, compressed class ptrs, parallel gc, windows-amd64)
# No core dump will be written. Minidumps are not enabled by default on client versions of Windows
#

---------------  S U M M A R Y ------------

Command Line: --add-modules=ALL-SYSTEM --add-opens=java.base/java.util=ALL-UNNAMED --add-opens=java.base/java.lang=ALL-UNNAMED --add-opens=java.base/sun.nio.fs=ALL-UNNAMED -Declipse.application=org.eclipse.jdt.ls.core.id1 -Dosgi.bundles.defaultStartLevel=4 -Declipse.product=org.eclipse.jdt.ls.core.product -Djava.import.generatesMetadataFilesAtProjectRoot=false -DDetectVMInstallationsJob.disabled=true -Dfile.encoding=utf8 -XX:+UseParallelGC -XX:GCTimeRatio=4 -XX:AdaptiveSizePolicyWeight=90 -Dsun.zip.disableMemoryMapping=true -Xmx1G -Xms100m -Xlog:disable -javaagent:c:\Users\jqalvarado\.vscode\extensions\redhat.java-1.42.0-win32-x64\lombok\lombok-1.18.36.jar -XX:+HeapDumpOnOutOfMemoryError -XX:HeapDumpPath=c:\Users\jqalvarado\AppData\Roaming\Code\User\workspaceStorage\963e6637c6a0c03c040c4ddaf3fbd734\redhat.java -Daether.dependencyCollector.impl=bf c:\Users\jqalvarado\.vscode\extensions\redhat.java-1.42.0-win32-x64\server\plugins\org.eclipse.equinox.launcher_1.7.0.v20250424-1814.jar -configuration c:\Users\jqalvarado\AppData\Roaming\Code\User\globalStorage\redhat.java\1.42.0\config_win -data c:\Users\jqalvarado\AppData\Roaming\Code\User\workspaceStorage\963e6637c6a0c03c040c4ddaf3fbd734\redhat.java\jdt_ws --pipe=\\.\pipe\lsp-349497cedfd88054326021384f2eb860-sock

Host: Intel(R) Core(TM) i7-10700 CPU @ 2.90GHz, 16 cores, 15G,  Windows 11 , 64 bit Build 22621 (10.0.22621.3958)
Time: Fri May 23 16:11:52 2025 Hora estándar oeste, Sudamérica elapsed time: 7381.443616 seconds (0d 2h 3m 1s)

---------------  T H R E A D  ---------------

Current thread (0x000002beed9c0150):  JavaThread "C2 CompilerThread5" daemon [_thread_in_native, id=43144, stack(0x000000e219d00000,0x000000e219e00000) (1024K)]


Current CompileTask:
C2:7381443 26273       4       org.jetbrains.java.decompiler.modules.decompiler.sforms.SSAConstructorSparseEx::processExprent (809 bytes)

Stack: [0x000000e219d00000,0x000000e219e00000]
Native frames: (J=compiled Java code, j=interpreted, Vv=VM code, C=native code)
V  [jvm.dll+0x6ce119]
V  [jvm.dll+0x8a84a1]
V  [jvm.dll+0x8aa9ce]
V  [jvm.dll+0x8ab0b3]
V  [jvm.dll+0x27f8a6]
V  [jvm.dll+0xc507d]
V  [jvm.dll+0xc55b3]
V  [jvm.dll+0x3b68f2]
V  [jvm.dll+0x382aa5]
V  [jvm.dll+0x381f0a]
V  [jvm.dll+0x247af0]
V  [jvm.dll+0x2470cf]
V  [jvm.dll+0x1c760e]
V  [jvm.dll+0x25695a]
V  [jvm.dll+0x254efa]
V  [jvm.dll+0x3f03f6]
V  [jvm.dll+0x851f6b]
V  [jvm.dll+0x6cc7dd]
C  [ucrtbase.dll+0x29333]
C  [KERNEL32.DLL+0x1257d]
C  [ntdll.dll+0x5af08]


---------------  P R O C E S S  ---------------

Threads class SMR info:
_java_thread_list=0x000002beed7f0a70, length=72, elements={
0x000002be8294f1e0, 0x000002bed94c8380, 0x000002be96d3cf50, 0x000002be96d3de30,
0x000002bed94cb080, 0x000002bed94cb7e0, 0x000002bed94cd430, 0x000002bed94d04d0,
0x000002bed94f8ec0, 0x000002bed959f070, 0x000002bed97eeaa0, 0x000002bedf8044b0,
0x000002bedfd17c00, 0x000002bedfbbc1c0, 0x000002bedfbbc820, 0x000002bedfdacbd0,
0x000002bedfb91010, 0x000002bee02e3630, 0x000002bee02e2280, 0x000002bee02e5070,
0x000002bee0cbf140, 0x000002bee0cbd700, 0x000002bee0cbfe60, 0x000002bee0cbd070,
0x000002bee0cbeab0, 0x000002bee0cbc9e0, 0x000002bee0cbdd90, 0x000002bee0cbe420,
0x000002bee210ec90, 0x000002bee21127a0, 0x000002bee2110040, 0x000002bee21113f0,
0x000002bee2112e30, 0x000002bee21134c0, 0x000002bee2113b50, 0x000002bee21106d0,
0x000002bee21141e0, 0x000002bee2110d60, 0x000002bee2112110, 0x000002bee2114870,
0x000002beed731140, 0x000002beed72f070, 0x000002beed7317d0, 0x000002beed7345c0,
0x000002beed735970, 0x000002beed736690, 0x000002bedf6fc740, 0x000002bedf6fd460,
0x000002bee27ef040, 0x000002bee27ee9b0, 0x000002bedf78bb90, 0x000002beed733210,
0x000002bee02e49e0, 0x000002bee02e2fa0, 0x000002bee02e3cc0, 0x000002bedf6fcdd0,
0x000002bedf6fdaf0, 0x000002bedf6fe180, 0x000002bedf6f85a0, 0x000002bedf6f7880,
0x000002bedf6fe810, 0x000002bedf6f7f10, 0x000002bedf6feea0, 0x000002bee27ee320,
0x000002beed9bf3b0, 0x000002beed9be610, 0x000002beed9c15c0, 0x000002beed9c37d0,
0x000002beed9c3ea0, 0x000002beed9bece0, 0x000002beed9bfa80, 0x000002beed9c0150
}

Java Threads: ( => current thread )
  0x000002be8294f1e0 JavaThread "main"                              [_thread_blocked, id=21448, stack(0x000000e215000000,0x000000e215100000) (1024K)]
  0x000002bed94c8380 JavaThread "Reference Handler"          daemon [_thread_blocked, id=42528, stack(0x000000e215400000,0x000000e215500000) (1024K)]
  0x000002be96d3cf50 JavaThread "Finalizer"                  daemon [_thread_blocked, id=17724, stack(0x000000e215500000,0x000000e215600000) (1024K)]
  0x000002be96d3de30 JavaThread "Signal Dispatcher"          daemon [_thread_blocked, id=15896, stack(0x000000e215600000,0x000000e215700000) (1024K)]
  0x000002bed94cb080 JavaThread "Attach Listener"            daemon [_thread_blocked, id=17464, stack(0x000000e215700000,0x000000e215800000) (1024K)]
  0x000002bed94cb7e0 JavaThread "Service Thread"             daemon [_thread_blocked, id=22192, stack(0x000000e215800000,0x000000e215900000) (1024K)]
  0x000002bed94cd430 JavaThread "Monitor Deflation Thread"   daemon [_thread_blocked, id=9356, stack(0x000000e215900000,0x000000e215a00000) (1024K)]
  0x000002bed94d04d0 JavaThread "C2 CompilerThread0"         daemon [_thread_in_native, id=13772, stack(0x000000e215a00000,0x000000e215b00000) (1024K)]
  0x000002bed94f8ec0 JavaThread "C1 CompilerThread0"         daemon [_thread_blocked, id=22612, stack(0x000000e215b00000,0x000000e215c00000) (1024K)]
  0x000002bed959f070 JavaThread "Common-Cleaner"             daemon [_thread_blocked, id=41660, stack(0x000000e215c00000,0x000000e215d00000) (1024K)]
  0x000002bed97eeaa0 JavaThread "Notification Thread"        daemon [_thread_blocked, id=24448, stack(0x000000e215e00000,0x000000e215f00000) (1024K)]
  0x000002bedf8044b0 JavaThread "Active Thread: Equinox Container: 570a04c1-791b-4432-accb-4e4bb1f4b35d"        [_thread_blocked, id=18896, stack(0x000000e216b00000,0x000000e216c00000) (1024K)]
  0x000002bedfd17c00 JavaThread "Refresh Thread: Equinox Container: 570a04c1-791b-4432-accb-4e4bb1f4b35d" daemon [_thread_blocked, id=38620, stack(0x000000e216a00000,0x000000e216b00000) (1024K)]
  0x000002bedfbbc1c0 JavaThread "Framework Event Dispatcher: Equinox Container: 570a04c1-791b-4432-accb-4e4bb1f4b35d" daemon [_thread_blocked, id=33244, stack(0x000000e216c00000,0x000000e216d00000) (1024K)]
  0x000002bedfbbc820 JavaThread "Start Level: Equinox Container: 570a04c1-791b-4432-accb-4e4bb1f4b35d" daemon [_thread_blocked, id=28844, stack(0x000000e216d00000,0x000000e216e00000) (1024K)]
  0x000002bedfdacbd0 JavaThread "Bundle File Closer"         daemon [_thread_blocked, id=8320, stack(0x000000e217100000,0x000000e217200000) (1024K)]
  0x000002bedfb91010 JavaThread "SCR Component Actor"        daemon [_thread_blocked, id=4264, stack(0x000000e216200000,0x000000e216300000) (1024K)]
  0x000002bee02e3630 JavaThread "Worker-JM"                         [_thread_blocked, id=15772, stack(0x000000e217400000,0x000000e217500000) (1024K)]
  0x000002bee02e2280 JavaThread "JNA Cleaner"                daemon [_thread_blocked, id=33764, stack(0x000000e217600000,0x000000e217700000) (1024K)]
  0x000002bee02e5070 JavaThread "Java indexing"              daemon [_thread_blocked, id=43252, stack(0x000000e217a00000,0x000000e217b00000) (1024K)]
  0x000002bee0cbf140 JavaThread "Thread-2"                   daemon [_thread_in_native, id=32320, stack(0x000000e218100000,0x000000e218200000) (1024K)]
  0x000002bee0cbd700 JavaThread "Thread-3"                   daemon [_thread_in_native, id=12496, stack(0x000000e218200000,0x000000e218300000) (1024K)]
  0x000002bee0cbfe60 JavaThread "Thread-4"                   daemon [_thread_in_native, id=35604, stack(0x000000e218300000,0x000000e218400000) (1024K)]
  0x000002bee0cbd070 JavaThread "Thread-5"                   daemon [_thread_in_native, id=21680, stack(0x000000e218400000,0x000000e218500000) (1024K)]
  0x000002bee0cbeab0 JavaThread "Thread-6"                   daemon [_thread_in_native, id=41372, stack(0x000000e218500000,0x000000e218600000) (1024K)]
  0x000002bee0cbc9e0 JavaThread "Thread-7"                   daemon [_thread_in_native, id=9984, stack(0x000000e218600000,0x000000e218700000) (1024K)]
  0x000002bee0cbdd90 JavaThread "Thread-8"                   daemon [_thread_in_native, id=36180, stack(0x000000e218700000,0x000000e218800000) (1024K)]
  0x000002bee0cbe420 JavaThread "Thread-9"                   daemon [_thread_in_native, id=41680, stack(0x000000e218800000,0x000000e218900000) (1024K)]
  0x000002bee210ec90 JavaThread "Thread-10"                  daemon [_thread_in_native, id=25124, stack(0x000000e218900000,0x000000e218a00000) (1024K)]
  0x000002bee21127a0 JavaThread "Thread-11"                  daemon [_thread_in_native, id=40260, stack(0x000000e218a00000,0x000000e218b00000) (1024K)]
  0x000002bee2110040 JavaThread "Thread-12"                  daemon [_thread_in_native, id=27148, stack(0x000000e218b00000,0x000000e218c00000) (1024K)]
  0x000002bee21113f0 JavaThread "Thread-13"                  daemon [_thread_in_native, id=38524, stack(0x000000e218c00000,0x000000e218d00000) (1024K)]
  0x000002bee2112e30 JavaThread "Thread-14"                  daemon [_thread_in_native, id=19804, stack(0x000000e218d00000,0x000000e218e00000) (1024K)]
  0x000002bee21134c0 JavaThread "Thread-15"                  daemon [_thread_in_native, id=25272, stack(0x000000e218e00000,0x000000e218f00000) (1024K)]
  0x000002bee2113b50 JavaThread "Thread-16"                  daemon [_thread_in_native, id=38344, stack(0x000000e218f00000,0x000000e219000000) (1024K)]
  0x000002bee21106d0 JavaThread "Thread-17"                  daemon [_thread_in_native, id=21004, stack(0x000000e219000000,0x000000e219100000) (1024K)]
  0x000002bee21141e0 JavaThread "Thread-18"                  daemon [_thread_in_native, id=2576, stack(0x000000e219100000,0x000000e219200000) (1024K)]
  0x000002bee2110d60 JavaThread "pool-2-thread-1"                   [_thread_blocked, id=10832, stack(0x000000e219200000,0x000000e219300000) (1024K)]
  0x000002bee2112110 JavaThread "WorkspaceEventsHandler"            [_thread_blocked, id=43052, stack(0x000000e219400000,0x000000e219500000) (1024K)]
  0x000002bee2114870 JavaThread "pool-1-thread-1"                   [_thread_blocked, id=30116, stack(0x000000e219500000,0x000000e219600000) (1024K)]
  0x000002beed731140 JavaThread "Cleaner-0"                  daemon [_thread_blocked, id=1460, stack(0x000000e21c800000,0x000000e21c900000) (1024K)]
  0x000002beed72f070 JavaThread "Java Debug Server"          daemon [_thread_in_native, id=27336, stack(0x000000e21be00000,0x000000e21bf00000) (1024K)]
  0x000002beed7317d0 JavaThread "pool-5-thread-1"                   [_thread_in_native, id=34364, stack(0x000000e21c000000,0x000000e21c100000) (1024K)]
  0x000002beed7345c0 JavaThread "RxSchedulerPurge-1"         daemon [_thread_blocked, id=38604, stack(0x000000e21c100000,0x000000e21c200000) (1024K)]
  0x000002beed735970 JavaThread "RxCachedWorkerPoolEvictor-1" daemon [_thread_blocked, id=36868, stack(0x000000e21c200000,0x000000e21c300000) (1024K)]
  0x000002beed736690 JavaThread "process reaper (pid 5332)"  daemon [_thread_in_native, id=19252, stack(0x000000e2149d0000,0x000000e2149f0000) (128K)]
  0x000002bedf6fc740 JavaThread "ForkJoinPool.commonPool-worker-42" daemon [_thread_blocked, id=12396, stack(0x000000e214e00000,0x000000e214f00000) (1024K)]
  0x000002bedf6fd460 JavaThread "ForkJoinPool.commonPool-worker-47" daemon [_thread_in_vm, id=20168, stack(0x000000e217800000,0x000000e217900000) (1024K)]
  0x000002bee27ef040 JavaThread "ForkJoinPool.commonPool-worker-51" daemon [_thread_blocked, id=18044, stack(0x000000e217d00000,0x000000e217e00000) (1024K)]
  0x000002bee27ee9b0 JavaThread "Worker-9"                          [_thread_blocked, id=36780, stack(0x000000e219a00000,0x000000e219b00000) (1024K)]
  0x000002bedf78bb90 JavaThread "Worker-11"                         [_thread_blocked, id=38920, stack(0x000000e219c00000,0x000000e219d00000) (1024K)]
  0x000002beed733210 JavaThread "ForkJoinPool.commonPool-worker-60" daemon [_thread_blocked, id=34848, stack(0x000000e216000000,0x000000e216100000) (1024K)]
  0x000002bee02e49e0 JavaThread "RxNewThreadScheduler-11"    daemon [_thread_blocked, id=42812, stack(0x000000e219700000,0x000000e219800000) (1024K)]
  0x000002bee02e2fa0 JavaThread "ForkJoinPool.commonPool-worker-61" daemon [_thread_blocked, id=41736, stack(0x000000e214d00000,0x000000e214e00000) (1024K)]
  0x000002bee02e3cc0 JavaThread "ForkJoinPool.commonPool-worker-62" daemon [_thread_blocked, id=11080, stack(0x000000e214f00000,0x000000e215000000) (1024K)]
  0x000002bedf6fcdd0 JavaThread "ForkJoinPool.commonPool-worker-63" daemon [_thread_blocked, id=38428, stack(0x000000e215d00000,0x000000e215e00000) (1024K)]
  0x000002bedf6fdaf0 JavaThread "ForkJoinPool.commonPool-worker-64" daemon [_thread_blocked, id=39112, stack(0x000000e215f00000,0x000000e216000000) (1024K)]
  0x000002bedf6fe180 JavaThread "ForkJoinPool.commonPool-worker-65" daemon [_thread_blocked, id=24728, stack(0x000000e216100000,0x000000e216200000) (1024K)]
  0x000002bedf6f85a0 JavaThread "ForkJoinPool.commonPool-worker-66" daemon [_thread_blocked, id=14564, stack(0x000000e217200000,0x000000e217300000) (1024K)]
  0x000002bedf6f7880 JavaThread "ForkJoinPool.commonPool-worker-67" daemon [_thread_blocked, id=42912, stack(0x000000e217700000,0x000000e217800000) (1024K)]
  0x000002bedf6fe810 JavaThread "ForkJoinPool.commonPool-worker-68" daemon [_thread_blocked, id=36820, stack(0x000000e217900000,0x000000e217a00000) (1024K)]
  0x000002bedf6f7f10 JavaThread "ForkJoinPool.commonPool-worker-69" daemon [_thread_blocked, id=12656, stack(0x000000e217b00000,0x000000e217c00000) (1024K)]
  0x000002bedf6feea0 JavaThread "ForkJoinPool.commonPool-worker-70" daemon [_thread_blocked, id=42016, stack(0x000000e217c00000,0x000000e217d00000) (1024K)]
  0x000002bee27ee320 JavaThread "ForkJoinPool.commonPool-worker-71" daemon [_thread_blocked, id=18620, stack(0x000000e217e00000,0x000000e217f00000) (1024K)]
  0x000002beed9bf3b0 JavaThread "C2 CompilerThread1"         daemon [_thread_in_native, id=16808, stack(0x000000e217f00000,0x000000e218000000) (1024K)]
  0x000002beed9be610 JavaThread "C1 CompilerThread1"         daemon [_thread_in_native, id=15584, stack(0x000000e218000000,0x000000e218100000) (1024K)]
  0x000002beed9c15c0 JavaThread "C1 CompilerThread2"         daemon [_thread_blocked, id=39092, stack(0x000000e219300000,0x000000e219400000) (1024K)]
  0x000002beed9c37d0 JavaThread "C1 CompilerThread3"         daemon [_thread_blocked, id=18244, stack(0x000000e219600000,0x000000e219700000) (1024K)]
  0x000002beed9c3ea0 JavaThread "C2 CompilerThread2"         daemon [_thread_in_native, id=16280, stack(0x000000e219800000,0x000000e219900000) (1024K)]
  0x000002beed9bece0 JavaThread "C2 CompilerThread3"         daemon [_thread_in_native, id=656, stack(0x000000e219900000,0x000000e219a00000) (1024K)]
  0x000002beed9bfa80 JavaThread "C2 CompilerThread4"         daemon [_thread_in_native, id=25520, stack(0x000000e219b00000,0x000000e219c00000) (1024K)]
=>0x000002beed9c0150 JavaThread "C2 CompilerThread5"         daemon [_thread_in_native, id=43144, stack(0x000000e219d00000,0x000000e219e00000) (1024K)]
Total: 72

Other Threads:
  0x000002be82a0e840 VMThread "VM Thread"                           [id=12204, stack(0x000000e215300000,0x000000e215400000) (1024K)]
  0x000002be96c1ca10 WatcherThread "VM Periodic Task Thread"        [id=39576, stack(0x000000e215200000,0x000000e215300000) (1024K)]
  0x000002be8296d070 WorkerThread "GC Thread#0"                     [id=35808, stack(0x000000e215100000,0x000000e215200000) (1024K)]
  0x000002bedf715000 WorkerThread "GC Thread#1"                     [id=14696, stack(0x000000e216300000,0x000000e216400000) (1024K)]
  0x000002bedf744690 WorkerThread "GC Thread#2"                     [id=7908, stack(0x000000e216400000,0x000000e216500000) (1024K)]
  0x000002bedf3784a0 WorkerThread "GC Thread#3"                     [id=42128, stack(0x000000e216500000,0x000000e216600000) (1024K)]
  0x000002bedfa633b0 WorkerThread "GC Thread#4"                     [id=15800, stack(0x000000e216600000,0x000000e216700000) (1024K)]
  0x000002bedfa63750 WorkerThread "GC Thread#5"                     [id=9208, stack(0x000000e216700000,0x000000e216800000) (1024K)]
  0x000002bedfa63af0 WorkerThread "GC Thread#6"                     [id=14152, stack(0x000000e216800000,0x000000e216900000) (1024K)]
  0x000002bedf7f2230 WorkerThread "GC Thread#7"                     [id=26004, stack(0x000000e216900000,0x000000e216a00000) (1024K)]
  0x000002bedf6b9d80 WorkerThread "GC Thread#8"                     [id=13276, stack(0x000000e216e00000,0x000000e216f00000) (1024K)]
  0x000002bedf6b8420 WorkerThread "GC Thread#9"                     [id=4784, stack(0x000000e216f00000,0x000000e217000000) (1024K)]
  0x000002bedf6b8b60 WorkerThread "GC Thread#10"                    [id=35264, stack(0x000000e217000000,0x000000e217100000) (1024K)]
  0x000002bedf6b92a0 WorkerThread "GC Thread#11"                    [id=15976, stack(0x000000e217300000,0x000000e217400000) (1024K)]
  0x000002bedf6b99e0 WorkerThread "GC Thread#12"                    [id=42380, stack(0x000000e217500000,0x000000e217600000) (1024K)]
Total: 15

Threads with active compile tasks:
C2 CompilerThread0  7381469 26406   !   4       org.eclipse.jdt.internal.compiler.parser.Scanner::getNextToken0 (3064 bytes)
C1 CompilerThread0  7381469 26420 % !   2       org.eclipse.jdt.internal.compiler.lookup.Scope::getBinding @ 903 (1562 bytes)
C2 CompilerThread1  7381469 26410       4       org.eclipse.jdt.internal.compiler.lookup.Scope::findMemberType (723 bytes)
C1 CompilerThread3  7381469 26421       2       org.eclipse.jdt.internal.compiler.lookup.Scope::findField (850 bytes)
C2 CompilerThread2  7381469 26117       4       org.jetbrains.java.decompiler.modules.decompiler.sforms.SSAUConstructorSparseEx::processExprent (1657 bytes)
C2 CompilerThread3  7381469 26393       4       org.eclipse.jdt.internal.compiler.parser.Parser::consumeRule (7748 bytes)
C2 CompilerThread4  7381469 26408       4       org.eclipse.jdt.internal.core.util.Util::concatWith (90 bytes)
C2 CompilerThread5  7381470 26273       4       org.jetbrains.java.decompiler.modules.decompiler.sforms.SSAConstructorSparseEx::processExprent (809 bytes)
Total: 8

VM state: not at safepoint (normal execution)

VM Mutex/Monitor currently owned by a thread: None

Heap address: 0x00000000c0000000, size: 1024 MB, Compressed Oops mode: 32-bit

CDS archive(s) mapped at: [0x000002be97000000-0x000002be97ba0000-0x000002be97ba0000), size 12189696, SharedBaseAddress: 0x000002be97000000, ArchiveRelocationMode: 1.
Compressed class space mapped at: 0x000002be98000000-0x000002bed8000000, reserved size: 1073741824
Narrow klass base: 0x000002be97000000, Narrow klass shift: 0, Narrow klass range: 0x100000000

GC Precious Log:
 CardTable entry size: 512
 CPUs: 16 total, 16 available
 Memory: 16121M
 Large Page Support: Disabled
 NUMA Support: Disabled
 Compressed Oops: Enabled (32-bit)
 Alignments: Space 512K, Generation 512K, Heap 2M
 Heap Min Capacity: 100M
 Heap Initial Capacity: 100M
 Heap Max Capacity: 1G
 Pre-touch: Disabled
 Parallel Workers: 13

Heap:
 PSYoungGen      total 15872K, used 11059K [0x00000000eab00000, 0x00000000ebf00000, 0x0000000100000000)
  eden space 14848K, 67% used [0x00000000eab00000,0x00000000eb4cce78,0x00000000eb980000)
  from space 1024K, 99% used [0x00000000ebe00000,0x00000000ebeffed0,0x00000000ebf00000)
  to   space 2048K, 0% used [0x00000000ebb00000,0x00000000ebb00000,0x00000000ebd00000)
 ParOldGen       total 685568K, used 685496K [0x00000000c0000000, 0x00000000e9d80000, 0x00000000eab00000)
  object space 685568K, 99% used [0x00000000c0000000,0x00000000e9d6e3f8,0x00000000e9d80000)
 Metaspace       used 96288K, committed 97856K, reserved 1179648K
  class space    used 9557K, committed 10304K, reserved 1048576K

Card table byte_map: [0x000002be82300000,0x000002be82510000] _byte_map_base: 0x000002be81d00000

Marking Bits: (ParMarkBitMap*) 0x00007fffbb3d31f0
 Begin Bits: [0x000002be94b40000, 0x000002be95b40000)
 End Bits:   [0x000002be95b40000, 0x000002be96b40000)

Polling page: 0x000002be80840000

Metaspace:

Usage:
  Non-class:     84.70 MB used.
      Class:      9.33 MB used.
       Both:     94.03 MB used.

Virtual space:
  Non-class space:      128.00 MB reserved,      85.50 MB ( 67%) committed,  2 nodes.
      Class space:        1.00 GB reserved,      10.06 MB ( <1%) committed,  1 nodes.
             Both:        1.12 GB reserved,      95.56 MB (  8%) committed. 

Chunk freelists:
   Non-Class:  9.66 MB
       Class:  5.91 MB
        Both:  15.57 MB

MaxMetaspaceSize: unlimited
CompressedClassSpaceSize: 1.00 GB
Initial GC threshold: 21.00 MB
Current GC threshold: 154.81 MB
CDS: on
 - commit_granule_bytes: 65536.
 - commit_granule_words: 8192.
 - virtual_space_node_default_size: 8388608.
 - enlarge_chunks_in_place: 1.
 - use_allocation_guard: 0.


Internal statistics:

num_allocs_failed_limit: 11.
num_arena_births: 1906.
num_arena_deaths: 544.
num_vsnodes_births: 3.
num_vsnodes_deaths: 0.
num_space_committed: 1529.
num_space_uncommitted: 0.
num_chunks_returned_to_freelist: 664.
num_chunks_taken_from_freelist: 6893.
num_chunk_merges: 205.
num_chunk_splits: 3910.
num_chunks_enlarged: 2133.
num_inconsistent_stats: 0.

CodeHeap 'non-profiled nmethods': size=119168Kb used=22478Kb max_used=24350Kb free=96689Kb
 bounds [0x000002be8d6e0000, 0x000002be8eeb0000, 0x000002be94b40000]
CodeHeap 'profiled nmethods': size=119104Kb used=48972Kb max_used=52537Kb free=70131Kb
 bounds [0x000002be85b40000, 0x000002be88ee0000, 0x000002be8cf90000]
CodeHeap 'non-nmethods': size=7488Kb used=3236Kb max_used=3308Kb free=4251Kb
 bounds [0x000002be8cf90000, 0x000002be8d340000, 0x000002be8d6e0000]
 total_blobs=20665 nmethods=19791 adapters=772
 compilation: enabled
              stopped_count=0, restarted_count=0
 full_count=0

Compilation events (20 events):
Event: 7381.421 Thread 0x000002beed9bf3b0 26392       4       org.eclipse.jdt.internal.core.util.ReferenceInfoAdapter::acceptTypeReference (1 bytes)
Event: 7381.421 Thread 0x000002beed9c37d0 26399   !   3       org.eclipse.jdt.internal.core.JavaElementDeltaBuilder::recordNewPositions (93 bytes)
Event: 7381.421 Thread 0x000002beed9bf3b0 nmethod 26392 0x000002be8e723010 code [0x000002be8e7231a0, 0x000002be8e723228]
Event: 7381.421 Thread 0x000002beed9c37d0 nmethod 26399 0x000002be87c01b10 code [0x000002be87c01d20, 0x000002be87c02518]
Event: 7381.422 Thread 0x000002beed9c37d0 26400       3       org.eclipse.jdt.internal.compiler.batch.Main::relocalize (8 bytes)
Event: 7381.422 Thread 0x000002beed9c37d0 nmethod 26400 0x000002be86569890 code [0x000002be86569a40, 0x000002be86569be8]
Event: 7381.423 Thread 0x000002bed94d04d0 nmethod 26360 0x000002be8e720a10 code [0x000002be8e720d00, 0x000002be8e722150]
Event: 7381.424 Thread 0x000002beed9c37d0 26401   !   3       org.eclipse.jdt.internal.compiler.parser.AbstractCommentParser::commentParse (2358 bytes)
Event: 7381.425 Thread 0x000002bed94f8ec0 26402       3       org.eclipse.jdt.internal.compiler.parser.Parser::getTypeReference (551 bytes)
Event: 7381.425 Thread 0x000002beed9be610 26403       3       org.eclipse.jdt.internal.core.util.CommentRecorderParser::checkComment (267 bytes)
Event: 7381.426 Thread 0x000002beed9be610 nmethod 26403 0x000002be88024790 code [0x000002be880249c0, 0x000002be880252c8]
Event: 7381.426 Thread 0x000002bed94f8ec0 nmethod 26402 0x000002be85d84390 code [0x000002be85d846c0, 0x000002be85d85e08]
Event: 7381.431 Thread 0x000002beed9bfa80 nmethod 26389 0x000002be8e71ed10 code [0x000002be8e71efe0, 0x000002be8e71ff48]
Event: 7381.432 Thread 0x000002beed9c37d0 nmethod 26401 0x000002be87286b10 code [0x000002be872873c0, 0x000002be8728f030]
Event: 7381.434 Thread 0x000002beed9be610 26404       3       java.lang.Class::getField0 (99 bytes)
Event: 7381.434 Thread 0x000002beed9be610 nmethod 26404 0x000002be86b55d90 code [0x000002be86b55fc0, 0x000002be86b564c0]
Event: 7381.434 Thread 0x000002beed9bfa80 26405       4       org.eclipse.jdt.internal.compiler.parser.Parser::getUnspecifiedReference (162 bytes)
Event: 7381.434 Thread 0x000002bed94d04d0 26406   !   4       org.eclipse.jdt.internal.compiler.parser.Scanner::getNextToken0 (3064 bytes)
Event: 7381.438 Thread 0x000002beed9bf3b0 26407       4       org.eclipse.jdt.internal.compiler.util.Util::scanClassTypeSignature (109 bytes)
Event: 7381.441 Thread 0x000002beed9bf3b0 nmethod 26407 0x000002be8e71e410 code [0x000002be8e71e5e0, 0x000002be8e71e9f0]

GC Heap History (20 events):
Event: 7379.504 GC heap before
{Heap before GC invocations=3160 (full 6):
 PSYoungGen      total 15872K, used 15636K [0x00000000eab00000, 0x00000000ec180000, 0x0000000100000000)
  eden space 14848K, 100% used [0x00000000eab00000,0x00000000eb980000,0x00000000eb980000)
  from space 1024K, 77% used [0x00000000ec080000,0x00000000ec145210,0x00000000ec180000)
  to   space 3072K, 0% used [0x00000000ebb80000,0x00000000ebb80000,0x00000000ebe80000)
 ParOldGen       total 682496K, used 682116K [0x00000000c0000000, 0x00000000e9a80000, 0x00000000eab00000)
  object space 682496K, 99% used [0x00000000c0000000,0x00000000e9a21140,0x00000000e9a80000)
 Metaspace       used 93856K, committed 95616K, reserved 1179648K
  class space    used 9322K, committed 10240K, reserved 1048576K
}
Event: 7379.505 GC heap after
{Heap after GC invocations=3160 (full 6):
 PSYoungGen      total 17920K, used 730K [0x00000000eab00000, 0x00000000ec100000, 0x0000000100000000)
  eden space 14848K, 0% used [0x00000000eab00000,0x00000000eab00000,0x00000000eb980000)
  from space 3072K, 23% used [0x00000000ebb80000,0x00000000ebc36900,0x00000000ebe80000)
  to   space 1536K, 0% used [0x00000000ebf80000,0x00000000ebf80000,0x00000000ec100000)
 ParOldGen       total 682496K, used 682364K [0x00000000c0000000, 0x00000000e9a80000, 0x00000000eab00000)
  object space 682496K, 99% used [0x00000000c0000000,0x00000000e9a5f150,0x00000000e9a80000)
 Metaspace       used 93856K, committed 95616K, reserved 1179648K
  class space    used 9322K, committed 10240K, reserved 1048576K
}
Event: 7379.522 GC heap before
{Heap before GC invocations=3161 (full 6):
 PSYoungGen      total 17920K, used 15578K [0x00000000eab00000, 0x00000000ec100000, 0x0000000100000000)
  eden space 14848K, 100% used [0x00000000eab00000,0x00000000eb980000,0x00000000eb980000)
  from space 3072K, 23% used [0x00000000ebb80000,0x00000000ebc36900,0x00000000ebe80000)
  to   space 1536K, 0% used [0x00000000ebf80000,0x00000000ebf80000,0x00000000ec100000)
 ParOldGen       total 682496K, used 682364K [0x00000000c0000000, 0x00000000e9a80000, 0x00000000eab00000)
  object space 682496K, 99% used [0x00000000c0000000,0x00000000e9a5f150,0x00000000e9a80000)
 Metaspace       used 93856K, committed 95616K, reserved 1179648K
  class space    used 9322K, committed 10240K, reserved 1048576K
}
Event: 7379.523 GC heap after
{Heap after GC invocations=3161 (full 6):
 PSYoungGen      total 15360K, used 474K [0x00000000eab00000, 0x00000000ec000000, 0x0000000100000000)
  eden space 14848K, 0% used [0x00000000eab00000,0x00000000eab00000,0x00000000eb980000)
  from space 512K, 92% used [0x00000000ebf80000,0x00000000ebff6900,0x00000000ec000000)
  to   space 1024K, 0% used [0x00000000ebe00000,0x00000000ebe00000,0x00000000ebf00000)
 ParOldGen       total 682496K, used 682372K [0x00000000c0000000, 0x00000000e9a80000, 0x00000000eab00000)
  object space 682496K, 99% used [0x00000000c0000000,0x00000000e9a61150,0x00000000e9a80000)
 Metaspace       used 93856K, committed 95616K, reserved 1179648K
  class space    used 9322K, committed 10240K, reserved 1048576K
}
Event: 7380.178 GC heap before
{Heap before GC invocations=3162 (full 6):
 PSYoungGen      total 15360K, used 15322K [0x00000000eab00000, 0x00000000ec000000, 0x0000000100000000)
  eden space 14848K, 100% used [0x00000000eab00000,0x00000000eb980000,0x00000000eb980000)
  from space 512K, 92% used [0x00000000ebf80000,0x00000000ebff6900,0x00000000ec000000)
  to   space 1024K, 0% used [0x00000000ebe00000,0x00000000ebe00000,0x00000000ebf00000)
 ParOldGen       total 682496K, used 682372K [0x00000000c0000000, 0x00000000e9a80000, 0x00000000eab00000)
  object space 682496K, 99% used [0x00000000c0000000,0x00000000e9a61150,0x00000000e9a80000)
 Metaspace       used 93858K, committed 95616K, reserved 1179648K
  class space    used 9322K, committed 10240K, reserved 1048576K
}
Event: 7380.180 GC heap after
{Heap after GC invocations=3162 (full 6):
 PSYoungGen      total 15872K, used 1018K [0x00000000eab00000, 0x00000000ec000000, 0x0000000100000000)
  eden space 14848K, 0% used [0x00000000eab00000,0x00000000eab00000,0x00000000eb980000)
  from space 1024K, 99% used [0x00000000ebe00000,0x00000000ebefe900,0x00000000ebf00000)
  to   space 1024K, 0% used [0x00000000ebf00000,0x00000000ebf00000,0x00000000ec000000)
 ParOldGen       total 682496K, used 682492K [0x00000000c0000000, 0x00000000e9a80000, 0x00000000eab00000)
  object space 682496K, 99% used [0x00000000c0000000,0x00000000e9a7f160,0x00000000e9a80000)
 Metaspace       used 93858K, committed 95616K, reserved 1179648K
  class space    used 9322K, committed 10240K, reserved 1048576K
}
Event: 7380.512 GC heap before
{Heap before GC invocations=3163 (full 6):
 PSYoungGen      total 15872K, used 15866K [0x00000000eab00000, 0x00000000ec000000, 0x0000000100000000)
  eden space 14848K, 100% used [0x00000000eab00000,0x00000000eb980000,0x00000000eb980000)
  from space 1024K, 99% used [0x00000000ebe00000,0x00000000ebefe900,0x00000000ebf00000)
  to   space 1024K, 0% used [0x00000000ebf00000,0x00000000ebf00000,0x00000000ec000000)
 ParOldGen       total 682496K, used 682492K [0x00000000c0000000, 0x00000000e9a80000, 0x00000000eab00000)
  object space 682496K, 99% used [0x00000000c0000000,0x00000000e9a7f160,0x00000000e9a80000)
 Metaspace       used 93858K, committed 95616K, reserved 1179648K
  class space    used 9322K, committed 10240K, reserved 1048576K
}
Event: 7380.513 GC heap after
{Heap after GC invocations=3163 (full 6):
 PSYoungGen      total 15872K, used 980K [0x00000000eab00000, 0x00000000ec000000, 0x0000000100000000)
  eden space 14848K, 0% used [0x00000000eab00000,0x00000000eab00000,0x00000000eb980000)
  from space 1024K, 95% used [0x00000000ebf00000,0x00000000ebff5200,0x00000000ec000000)
  to   space 1536K, 0% used [0x00000000ebd00000,0x00000000ebd00000,0x00000000ebe80000)
 ParOldGen       total 683520K, used 683475K [0x00000000c0000000, 0x00000000e9b80000, 0x00000000eab00000)
  object space 683520K, 99% used [0x00000000c0000000,0x00000000e9b74ca8,0x00000000e9b80000)
 Metaspace       used 93858K, committed 95616K, reserved 1179648K
  class space    used 9322K, committed 10240K, reserved 1048576K
}
Event: 7381.053 GC heap before
{Heap before GC invocations=3164 (full 6):
 PSYoungGen      total 15872K, used 15828K [0x00000000eab00000, 0x00000000ec000000, 0x0000000100000000)
  eden space 14848K, 100% used [0x00000000eab00000,0x00000000eb980000,0x00000000eb980000)
  from space 1024K, 95% used [0x00000000ebf00000,0x00000000ebff5200,0x00000000ec000000)
  to   space 1536K, 0% used [0x00000000ebd00000,0x00000000ebd00000,0x00000000ebe80000)
 ParOldGen       total 683520K, used 683475K [0x00000000c0000000, 0x00000000e9b80000, 0x00000000eab00000)
  object space 683520K, 99% used [0x00000000c0000000,0x00000000e9b74ca8,0x00000000e9b80000)
 Metaspace       used 93860K, committed 95616K, reserved 1179648K
  class space    used 9322K, committed 10240K, reserved 1048576K
}
Event: 7381.054 GC heap after
{Heap after GC invocations=3164 (full 6):
 PSYoungGen      total 16384K, used 890K [0x00000000eab00000, 0x00000000ebf80000, 0x0000000100000000)
  eden space 14848K, 0% used [0x00000000eab00000,0x00000000eab00000,0x00000000eb980000)
  from space 1536K, 57% used [0x00000000ebd00000,0x00000000ebdde900,0x00000000ebe80000)
  to   space 1024K, 0% used [0x00000000ebe80000,0x00000000ebe80000,0x00000000ebf80000)
 ParOldGen       total 684032K, used 683622K [0x00000000c0000000, 0x00000000e9c00000, 0x00000000eab00000)
  object space 684032K, 99% used [0x00000000c0000000,0x00000000e9b99b98,0x00000000e9c00000)
 Metaspace       used 93860K, committed 95616K, reserved 1179648K
  class space    used 9322K, committed 10240K, reserved 1048576K
}
Event: 7381.178 GC heap before
{Heap before GC invocations=3165 (full 6):
 PSYoungGen      total 16384K, used 15738K [0x00000000eab00000, 0x00000000ebf80000, 0x0000000100000000)
  eden space 14848K, 100% used [0x00000000eab00000,0x00000000eb980000,0x00000000eb980000)
  from space 1536K, 57% used [0x00000000ebd00000,0x00000000ebdde900,0x00000000ebe80000)
  to   space 1024K, 0% used [0x00000000ebe80000,0x00000000ebe80000,0x00000000ebf80000)
 ParOldGen       total 684032K, used 683622K [0x00000000c0000000, 0x00000000e9c00000, 0x00000000eab00000)
  object space 684032K, 99% used [0x00000000c0000000,0x00000000e9b99b98,0x00000000e9c00000)
 Metaspace       used 94803K, committed 96448K, reserved 1179648K
  class space    used 9443K, committed 10240K, reserved 1048576K
}
Event: 7381.180 GC heap after
{Heap after GC invocations=3165 (full 6):
 PSYoungGen      total 15872K, used 835K [0x00000000eab00000, 0x00000000ebf80000, 0x0000000100000000)
  eden space 14848K, 0% used [0x00000000eab00000,0x00000000eab00000,0x00000000eb980000)
  from space 1024K, 81% used [0x00000000ebe80000,0x00000000ebf50c30,0x00000000ebf80000)
  to   space 1024K, 0% used [0x00000000ebd80000,0x00000000ebd80000,0x00000000ebe80000)
 ParOldGen       total 684032K, used 683662K [0x00000000c0000000, 0x00000000e9c00000, 0x00000000eab00000)
  object space 684032K, 99% used [0x00000000c0000000,0x00000000e9ba3b98,0x00000000e9c00000)
 Metaspace       used 94803K, committed 96448K, reserved 1179648K
  class space    used 9443K, committed 10240K, reserved 1048576K
}
Event: 7381.255 GC heap before
{Heap before GC invocations=3166 (full 6):
 PSYoungGen      total 15872K, used 15683K [0x00000000eab00000, 0x00000000ebf80000, 0x0000000100000000)
  eden space 14848K, 100% used [0x00000000eab00000,0x00000000eb980000,0x00000000eb980000)
  from space 1024K, 81% used [0x00000000ebe80000,0x00000000ebf50c30,0x00000000ebf80000)
  to   space 1024K, 0% used [0x00000000ebd80000,0x00000000ebd80000,0x00000000ebe80000)
 ParOldGen       total 684032K, used 683662K [0x00000000c0000000, 0x00000000e9c00000, 0x00000000eab00000)
  object space 684032K, 99% used [0x00000000c0000000,0x00000000e9ba3b98,0x00000000e9c00000)
 Metaspace       used 95698K, committed 97280K, reserved 1179648K
  class space    used 9506K, committed 10240K, reserved 1048576K
}
Event: 7381.257 GC heap after
{Heap after GC invocations=3166 (full 6):
 PSYoungGen      total 15872K, used 672K [0x00000000eab00000, 0x00000000ebf00000, 0x0000000100000000)
  eden space 14848K, 0% used [0x00000000eab00000,0x00000000eab00000,0x00000000eb980000)
  from space 1024K, 65% used [0x00000000ebd80000,0x00000000ebe28000,0x00000000ebe80000)
  to   space 512K, 0% used [0x00000000ebe80000,0x00000000ebe80000,0x00000000ebf00000)
 ParOldGen       total 684544K, used 684140K [0x00000000c0000000, 0x00000000e9c80000, 0x00000000eab00000)
  object space 684544K, 99% used [0x00000000c0000000,0x00000000e9c1b3e8,0x00000000e9c80000)
 Metaspace       used 95698K, committed 97280K, reserved 1179648K
  class space    used 9506K, committed 10240K, reserved 1048576K
}
Event: 7381.298 GC heap before
{Heap before GC invocations=3167 (full 6):
 PSYoungGen      total 15872K, used 15520K [0x00000000eab00000, 0x00000000ebf00000, 0x0000000100000000)
  eden space 14848K, 100% used [0x00000000eab00000,0x00000000eb980000,0x00000000eb980000)
  from space 1024K, 65% used [0x00000000ebd80000,0x00000000ebe28000,0x00000000ebe80000)
  to   space 512K, 0% used [0x00000000ebe80000,0x00000000ebe80000,0x00000000ebf00000)
 ParOldGen       total 684544K, used 684140K [0x00000000c0000000, 0x00000000e9c80000, 0x00000000eab00000)
  object space 684544K, 99% used [0x00000000c0000000,0x00000000e9c1b3e8,0x00000000e9c80000)
 Metaspace       used 95821K, committed 97408K, reserved 1179648K
  class space    used 9506K, committed 10240K, reserved 1048576K
}
Event: 7381.299 GC heap after
{Heap after GC invocations=3167 (full 6):
 PSYoungGen      total 15360K, used 512K [0x00000000eab00000, 0x00000000ebf00000, 0x0000000100000000)
  eden space 14848K, 0% used [0x00000000eab00000,0x00000000eab00000,0x00000000eb980000)
  from space 512K, 100% used [0x00000000ebe80000,0x00000000ebf00000,0x00000000ebf00000)
  to   space 1024K, 0% used [0x00000000ebd00000,0x00000000ebd00000,0x00000000ebe00000)
 ParOldGen       total 685056K, used 684580K [0x00000000c0000000, 0x00000000e9d00000, 0x00000000eab00000)
  object space 685056K, 99% used [0x00000000c0000000,0x00000000e9c893e8,0x00000000e9d00000)
 Metaspace       used 95821K, committed 97408K, reserved 1179648K
  class space    used 9506K, committed 10240K, reserved 1048576K
}
Event: 7381.336 GC heap before
{Heap before GC invocations=3168 (full 6):
 PSYoungGen      total 15360K, used 15360K [0x00000000eab00000, 0x00000000ebf00000, 0x0000000100000000)
  eden space 14848K, 100% used [0x00000000eab00000,0x00000000eb980000,0x00000000eb980000)
  from space 512K, 100% used [0x00000000ebe80000,0x00000000ebf00000,0x00000000ebf00000)
  to   space 1024K, 0% used [0x00000000ebd00000,0x00000000ebd00000,0x00000000ebe00000)
 ParOldGen       total 685056K, used 684580K [0x00000000c0000000, 0x00000000e9d00000, 0x00000000eab00000)
  object space 685056K, 99% used [0x00000000c0000000,0x00000000e9c893e8,0x00000000e9d00000)
 Metaspace       used 95884K, committed 97472K, reserved 1179648K
  class space    used 9513K, committed 10240K, reserved 1048576K
}
Event: 7381.337 GC heap after
{Heap after GC invocations=3168 (full 6):
 PSYoungGen      total 15872K, used 608K [0x00000000eab00000, 0x00000000ebf00000, 0x0000000100000000)
  eden space 14848K, 0% used [0x00000000eab00000,0x00000000eab00000,0x00000000eb980000)
  from space 1024K, 59% used [0x00000000ebd00000,0x00000000ebd98000,0x00000000ebe00000)
  to   space 1024K, 0% used [0x00000000ebe00000,0x00000000ebe00000,0x00000000ebf00000)
 ParOldGen       total 685056K, used 685052K [0x00000000c0000000, 0x00000000e9d00000, 0x00000000eab00000)
  object space 685056K, 99% used [0x00000000c0000000,0x00000000e9cff3e8,0x00000000e9d00000)
 Metaspace       used 95884K, committed 97472K, reserved 1179648K
  class space    used 9513K, committed 10240K, reserved 1048576K
}
Event: 7381.428 GC heap before
{Heap before GC invocations=3169 (full 6):
 PSYoungGen      total 15872K, used 15456K [0x00000000eab00000, 0x00000000ebf00000, 0x0000000100000000)
  eden space 14848K, 100% used [0x00000000eab00000,0x00000000eb980000,0x00000000eb980000)
  from space 1024K, 59% used [0x00000000ebd00000,0x00000000ebd98000,0x00000000ebe00000)
  to   space 1024K, 0% used [0x00000000ebe00000,0x00000000ebe00000,0x00000000ebf00000)
 ParOldGen       total 685056K, used 685052K [0x00000000c0000000, 0x00000000e9d00000, 0x00000000eab00000)
  object space 685056K, 99% used [0x00000000c0000000,0x00000000e9cff3e8,0x00000000e9d00000)
 Metaspace       used 96284K, committed 97856K, reserved 1179648K
  class space    used 9557K, committed 10304K, reserved 1048576K
}
Event: 7381.430 GC heap after
{Heap after GC invocations=3169 (full 6):
 PSYoungGen      total 15872K, used 1023K [0x00000000eab00000, 0x00000000ebf00000, 0x0000000100000000)
  eden space 14848K, 0% used [0x00000000eab00000,0x00000000eab00000,0x00000000eb980000)
  from space 1024K, 99% used [0x00000000ebe00000,0x00000000ebeffed0,0x00000000ebf00000)
  to   space 2048K, 0% used [0x00000000ebb00000,0x00000000ebb00000,0x00000000ebd00000)
 ParOldGen       total 685568K, used 685496K [0x00000000c0000000, 0x00000000e9d80000, 0x00000000eab00000)
  object space 685568K, 99% used [0x00000000c0000000,0x00000000e9d6e3f8,0x00000000e9d80000)
 Metaspace       used 96284K, committed 97856K, reserved 1179648K
  class space    used 9557K, committed 10304K, reserved 1048576K
}

Dll operation events (12 events):
Event: 0.044 Loaded shared library c:\Users\jqalvarado\.vscode\extensions\redhat.java-1.42.0-win32-x64\jre\21.0.7-win32-x86_64\bin\java.dll
Event: 0.175 Loaded shared library c:\Users\jqalvarado\.vscode\extensions\redhat.java-1.42.0-win32-x64\jre\21.0.7-win32-x86_64\bin\zip.dll
Event: 0.213 Loaded shared library C:\Users\jqalvarado\.vscode\extensions\redhat.java-1.42.0-win32-x64\jre\21.0.7-win32-x86_64\bin\instrument.dll
Event: 0.229 Loaded shared library C:\Users\jqalvarado\.vscode\extensions\redhat.java-1.42.0-win32-x64\jre\21.0.7-win32-x86_64\bin\net.dll
Event: 0.242 Loaded shared library C:\Users\jqalvarado\.vscode\extensions\redhat.java-1.42.0-win32-x64\jre\21.0.7-win32-x86_64\bin\nio.dll
Event: 0.258 Loaded shared library C:\Users\jqalvarado\.vscode\extensions\redhat.java-1.42.0-win32-x64\jre\21.0.7-win32-x86_64\bin\zip.dll
Event: 0.287 Loaded shared library C:\Users\jqalvarado\.vscode\extensions\redhat.java-1.42.0-win32-x64\jre\21.0.7-win32-x86_64\bin\jimage.dll
Event: 0.504 Loaded shared library c:\Users\jqalvarado\.vscode\extensions\redhat.java-1.42.0-win32-x64\jre\21.0.7-win32-x86_64\bin\verify.dll
Event: 2.141 Loaded shared library C:\Users\jqalvarado\AppData\Roaming\Code\User\globalStorage\redhat.java\1.42.0\config_win\org.eclipse.equinox.launcher\org.eclipse.equinox.launcher.win32.win32.x86_64_1.2.1300.v20250331-1702\eclipse_11911.dll
Event: 4.336 Loaded shared library C:\Users\jqalvarado\AppData\Local\Temp\jna-351855191\jna13310863164328450000.dll
Event: 40.617 Loaded shared library C:\Users\jqalvarado\.vscode\extensions\redhat.java-1.42.0-win32-x64\jre\21.0.7-win32-x86_64\bin\sunmscapi.dll
Event: 48.647 Loaded shared library C:\Users\jqalvarado\.vscode\extensions\redhat.java-1.42.0-win32-x64\jre\21.0.7-win32-x86_64\bin\extnet.dll

Deoptimization events (20 events):
Event: 7381.425 Thread 0x000002bedf6fd460 Uncommon trap: trap_request=0xffffffc6 fr.pc=0x000002be8dbe1428 relative=0x0000000000000fe8
Event: 7381.425 Thread 0x000002bedf6fd460 Uncommon trap: reason=bimorphic_or_optimized_type_check action=maybe_recompile pc=0x000002be8dbe1428 method=org.eclipse.jdt.internal.compiler.parser.Parser.consumeSingleVariableDeclarator(Z)V @ 279 c2
Event: 7381.425 Thread 0x000002bedf6fd460 DEOPT PACKING pc=0x000002be8dbe1428 sp=0x000000e2178fdcf0
Event: 7381.425 Thread 0x000002bedf6fd460 DEOPT UNPACKING pc=0x000002be8cfe3aa2 sp=0x000000e2178fdc58 mode 2
Event: 7381.432 Thread 0x000002bedf6fd460 Uncommon trap: trap_request=0xffffff45 fr.pc=0x000002be8eba803c relative=0x0000000000002d3c
Event: 7381.432 Thread 0x000002bedf6fd460 Uncommon trap: reason=unstable_if action=reinterpret pc=0x000002be8eba803c method=org.eclipse.jdt.internal.compiler.lookup.Scope.getTypeOrPackage([CIZ)Lorg/eclipse/jdt/internal/compiler/lookup/Binding; @ 353 c2
Event: 7381.432 Thread 0x000002bedf6fd460 DEOPT PACKING pc=0x000002be8eba803c sp=0x000000e2178fd870
Event: 7381.432 Thread 0x000002bedf6fd460 DEOPT UNPACKING pc=0x000002be8cfe3aa2 sp=0x000000e2178fd7e8 mode 2
Event: 7381.432 Thread 0x000002bedf6fd460 Uncommon trap: trap_request=0xffffffde fr.pc=0x000002be8d90143c relative=0x000000000000129c
Event: 7381.432 Thread 0x000002bedf6fd460 Uncommon trap: reason=class_check action=maybe_recompile pc=0x000002be8d90143c method=org.eclipse.jdt.internal.compiler.lookup.ClassScope.detectHierarchyCycle(Lorg/eclipse/jdt/internal/compiler/lookup/SourceTypeBinding;Lorg/eclipse/jdt/internal/compiler/l
Event: 7381.432 Thread 0x000002bedf6fd460 DEOPT PACKING pc=0x000002be8d90143c sp=0x000000e2178fd9c0
Event: 7381.432 Thread 0x000002bedf6fd460 DEOPT UNPACKING pc=0x000002be8cfe3aa2 sp=0x000000e2178fd948 mode 2
Event: 7381.433 Thread 0x000002bedf6fd460 Uncommon trap: trap_request=0xffffff45 fr.pc=0x000002be8dea0f90 relative=0x0000000000000d30
Event: 7381.433 Thread 0x000002bedf6fd460 Uncommon trap: reason=unstable_if action=reinterpret pc=0x000002be8dea0f90 method=org.eclipse.jdt.internal.compiler.lookup.MethodScope.createMethod(Lorg/eclipse/jdt/internal/compiler/ast/AbstractMethodDeclaration;)Lorg/eclipse/jdt/internal/compiler/lookup
Event: 7381.433 Thread 0x000002bedf6fd460 DEOPT PACKING pc=0x000002be8dea0f90 sp=0x000000e2178fde20
Event: 7381.433 Thread 0x000002bedf6fd460 DEOPT UNPACKING pc=0x000002be8cfe3aa2 sp=0x000000e2178fdda0 mode 2
Event: 7381.436 Thread 0x000002bedf6fd460 Uncommon trap: trap_request=0xfffffff4 fr.pc=0x000002be8e15525c relative=0x00000000000037fc
Event: 7381.436 Thread 0x000002bedf6fd460 Uncommon trap: reason=null_check action=make_not_entrant pc=0x000002be8e15525c method=org.eclipse.jdt.internal.compiler.util.SoftClassCache$ClassBytes.getBytes()[B @ 22 c2
Event: 7381.436 Thread 0x000002bedf6fd460 DEOPT PACKING pc=0x000002be8e15525c sp=0x000000e2178fd280
Event: 7381.436 Thread 0x000002bedf6fd460 DEOPT UNPACKING pc=0x000002be8cfe3aa2 sp=0x000000e2178fd2b8 mode 2

Classes loaded (20 events):
Event: 5996.461 Loading class java/lang/Throwable$WrappedPrintWriter
Event: 5996.461 Loading class java/lang/Throwable$PrintStreamOrWriter
Event: 5996.461 Loading class java/lang/Throwable$PrintStreamOrWriter done
Event: 5996.461 Loading class java/lang/Throwable$WrappedPrintWriter done
Event: 6039.688 Loading class jdk/internal/module/IllegalAccessLogger
Event: 6039.688 Loading class jdk/internal/module/IllegalAccessLogger done
Event: 6047.004 Loading class jdk/internal/module/IllegalAccessLogger
Event: 6047.004 Loading class jdk/internal/module/IllegalAccessLogger done
Event: 6047.057 Loading class java/util/ArrayDeque$DeqSpliterator
Event: 6047.057 Loading class java/util/ArrayDeque$DeqSpliterator done
Event: 6048.155 Loading class jdk/internal/module/IllegalAccessLogger
Event: 6048.155 Loading class jdk/internal/module/IllegalAccessLogger done
Event: 6206.960 Loading class jdk/internal/module/IllegalAccessLogger
Event: 6206.960 Loading class jdk/internal/module/IllegalAccessLogger done
Event: 6421.061 Loading class jdk/internal/module/IllegalAccessLogger
Event: 6421.061 Loading class jdk/internal/module/IllegalAccessLogger done
Event: 7381.059 Loading class java/util/stream/ReferencePipeline$15
Event: 7381.060 Loading class java/util/stream/ReferencePipeline$15 done
Event: 7381.061 Loading class java/util/stream/ReferencePipeline$15$1
Event: 7381.061 Loading class java/util/stream/ReferencePipeline$15$1 done

Classes unloaded (20 events):
Event: 6034.180 Thread 0x000002be82a0e840 Unloading class 0x000002be98016400 'java/lang/invoke/LambdaForm$MH+0x000002be98016400'
Event: 6034.180 Thread 0x000002be82a0e840 Unloading class 0x000002be98014800 'java/lang/invoke/LambdaForm$MH+0x000002be98014800'
Event: 6034.180 Thread 0x000002be82a0e840 Unloading class 0x000002be9800d800 'java/lang/invoke/LambdaForm$MH+0x000002be9800d800'
Event: 6034.180 Thread 0x000002be82a0e840 Unloading class 0x000002be9800d400 'java/lang/invoke/LambdaForm$MH+0x000002be9800d400'
Event: 6034.180 Thread 0x000002be82a0e840 Unloading class 0x000002be9800d000 'java/lang/invoke/LambdaForm$MH+0x000002be9800d000'
Event: 6034.180 Thread 0x000002be82a0e840 Unloading class 0x000002be9800cc00 'java/lang/invoke/LambdaForm$MH+0x000002be9800cc00'
Event: 6034.180 Thread 0x000002be82a0e840 Unloading class 0x000002be9800c800 'java/lang/invoke/LambdaForm$BMH+0x000002be9800c800'
Event: 6034.180 Thread 0x000002be82a0e840 Unloading class 0x000002be9800c000 'java/lang/invoke/LambdaForm$DMH+0x000002be9800c000'
Event: 6034.180 Thread 0x000002be82a0e840 Unloading class 0x000002be98008400 'java/lang/invoke/LambdaForm$MH+0x000002be98008400'
Event: 6034.180 Thread 0x000002be82a0e840 Unloading class 0x000002be98008000 'java/lang/invoke/LambdaForm$MH+0x000002be98008000'
Event: 6034.180 Thread 0x000002be82a0e840 Unloading class 0x000002be98007c00 'java/lang/invoke/LambdaForm$MH+0x000002be98007c00'
Event: 6034.180 Thread 0x000002be82a0e840 Unloading class 0x000002be98006800 'java/lang/invoke/LambdaForm$MH+0x000002be98006800'
Event: 6034.180 Thread 0x000002be82a0e840 Unloading class 0x000002be98006000 'java/lang/invoke/LambdaForm$MH+0x000002be98006000'
Event: 6034.180 Thread 0x000002be82a0e840 Unloading class 0x000002be98005c00 'java/lang/invoke/LambdaForm$MH+0x000002be98005c00'
Event: 6034.180 Thread 0x000002be82a0e840 Unloading class 0x000002be98005800 'java/lang/invoke/LambdaForm$MH+0x000002be98005800'
Event: 6034.180 Thread 0x000002be82a0e840 Unloading class 0x000002be98005400 'java/lang/invoke/LambdaForm$BMH+0x000002be98005400'
Event: 6034.180 Thread 0x000002be82a0e840 Unloading class 0x000002be98004000 'java/lang/invoke/LambdaForm$DMH+0x000002be98004000'
Event: 6034.180 Thread 0x000002be82a0e840 Unloading class 0x000002be98002400 'java/lang/invoke/LambdaForm$MH+0x000002be98002400'
Event: 6034.180 Thread 0x000002be82a0e840 Unloading class 0x000002be98002000 'java/lang/invoke/LambdaForm$MH+0x000002be98002000'
Event: 6034.180 Thread 0x000002be82a0e840 Unloading class 0x000002be98001800 'java/lang/invoke/LambdaForm$MH+0x000002be98001800'

Classes redefined (0 events):
No events

Internal exceptions (20 events):
Event: 6202.062 Thread 0x000002bee27ee9b0 Implicit null exception at 0x000002be8e3b2773 to 0x000002be8e3b2db4
Event: 6202.062 Thread 0x000002bee27ee9b0 Exception <a 'java/lang/NoSuchMethodError'{0x00000000eb333ac0}: static [J.<clinit>()V> (0x00000000eb333ac0) 
thrown [s\src\hotspot\share\prims\jni.cpp, line 1111]
Event: 6206.773 Thread 0x000002bee02e5070 Exception <a 'sun/nio/fs/WindowsException'{0x00000000eab00598}> (0x00000000eab00598) 
thrown [s\src\hotspot\share\prims\jni.cpp, line 520]
Event: 6206.891 Thread 0x000002bee02e5070 Exception <a 'sun/nio/fs/WindowsException'{0x00000000eb580758}> (0x00000000eb580758) 
thrown [s\src\hotspot\share\prims\jni.cpp, line 520]
Event: 6210.058 Thread 0x000002bedf789ac0 Exception <a 'sun/nio/fs/WindowsException'{0x00000000eb1dc450}> (0x00000000eb1dc450) 
thrown [s\src\hotspot\share\prims\jni.cpp, line 520]
Event: 6210.058 Thread 0x000002bedf789ac0 Exception <a 'sun/nio/fs/WindowsException'{0x00000000eb1dcad8}> (0x00000000eb1dcad8) 
thrown [s\src\hotspot\share\prims\jni.cpp, line 520]
Event: 6420.891 Thread 0x000002bee02e5070 Exception <a 'sun/nio/fs/WindowsException'{0x00000000eb80aed8}> (0x00000000eb80aed8) 
thrown [s\src\hotspot\share\prims\jni.cpp, line 520]
Event: 6421.026 Thread 0x000002bee02e5070 Exception <a 'sun/nio/fs/WindowsException'{0x00000000eab007d8}> (0x00000000eab007d8) 
thrown [s\src\hotspot\share\prims\jni.cpp, line 520]
Event: 6432.639 Thread 0x000002bee02e3cc0 Exception <a 'sun/nio/fs/WindowsException'{0x00000000eb6401c0}> (0x00000000eb6401c0) 
thrown [s\src\hotspot\share\prims\jni.cpp, line 520]
Event: 6432.639 Thread 0x000002bee02e3cc0 Exception <a 'sun/nio/fs/WindowsException'{0x00000000eb640848}> (0x00000000eb640848) 
thrown [s\src\hotspot\share\prims\jni.cpp, line 520]
Event: 6467.613 Thread 0x000002bee02e49e0 Exception <a 'sun/nio/fs/WindowsException'{0x00000000eb742f88}> (0x00000000eb742f88) 
thrown [s\src\hotspot\share\prims\jni.cpp, line 520]
Event: 6467.613 Thread 0x000002bee02e49e0 Exception <a 'sun/nio/fs/WindowsException'{0x00000000eb743610}> (0x00000000eb743610) 
thrown [s\src\hotspot\share\prims\jni.cpp, line 520]
Event: 7376.388 Thread 0x000002bedf6fc740 Exception <a 'java/lang/NoSuchMethodError'{0x00000000eaffe9c0}: 'java.lang.Object java.lang.invoke.DirectMethodHandle$Holder.invokeStaticInit(java.lang.Object, java.lang.Object, java.lang.Object)'> (0x00000000eaffe9c0) 
thrown [s\src\hotspot\share\interpreter\linkResolver.cpp, line 773]
Event: 7381.149 Thread 0x000002bedf6fd460 Implicit null exception at 0x000002be8db908e0 to 0x000002be8db90b64
Event: 7381.151 Thread 0x000002bedf6fd460 Exception <a 'java/lang/NoSuchMethodError'{0x00000000eb665910}: 'java.lang.Object java.lang.invoke.Invokers$Holder.linkToTargetMethod(java.lang.Object, int, int, java.lang.Object)'> (0x00000000eb665910) 
thrown [s\src\hotspot\share\interpreter\linkResolver.cpp, line 773]
Event: 7381.172 Thread 0x000002bedf6fd460 Exception <a 'java/lang/NoSuchMethodError'{0x00000000eb8f6cc0}: 'int java.lang.invoke.DirectMethodHandle$Holder.invokeSpecial(java.lang.Object, java.lang.Object, java.lang.Object, java.lang.Object, java.lang.Object)'> (0x00000000eb8f6cc0) 
thrown [s\src\hotspot\share\interpreter\linkResolver.cpp, line 773]
Event: 7381.404 Thread 0x000002bedf6fd460 Implicit null exception at 0x000002be8dbb51a4 to 0x000002be8dbb6dd8
Event: 7381.415 Thread 0x000002bedf6fd460 Implicit null exception at 0x000002be8ec7f780 to 0x000002be8ec805d4
Event: 7381.417 Thread 0x000002bedf6fd460 Implicit null exception at 0x000002be8e67d640 to 0x000002be8e67f58c
Event: 7381.436 Thread 0x000002bedf6fd460 Implicit null exception at 0x000002be8e152789 to 0x000002be8e15524c

ZGC Phase Switch (0 events):
No events

VM Operations (20 events):
Event: 7380.178 Executing VM operation: ParallelGCFailedAllocation (Allocation Failure)
Event: 7380.180 Executing VM operation: ParallelGCFailedAllocation (Allocation Failure) done
Event: 7380.512 Executing VM operation: ParallelGCFailedAllocation (Allocation Failure)
Event: 7380.513 Executing VM operation: ParallelGCFailedAllocation (Allocation Failure) done
Event: 7381.053 Executing VM operation: ParallelGCFailedAllocation (Allocation Failure)
Event: 7381.054 Executing VM operation: ParallelGCFailedAllocation (Allocation Failure) done
Event: 7381.101 Executing VM operation: HandshakeAllThreads (Deoptimize)
Event: 7381.101 Executing VM operation: HandshakeAllThreads (Deoptimize) done
Event: 7381.178 Executing VM operation: ParallelGCFailedAllocation (Allocation Failure)
Event: 7381.180 Executing VM operation: ParallelGCFailedAllocation (Allocation Failure) done
Event: 7381.255 Executing VM operation: ParallelGCFailedAllocation (Allocation Failure)
Event: 7381.257 Executing VM operation: ParallelGCFailedAllocation (Allocation Failure) done
Event: 7381.298 Executing VM operation: ParallelGCFailedAllocation (Allocation Failure)
Event: 7381.299 Executing VM operation: ParallelGCFailedAllocation (Allocation Failure) done
Event: 7381.336 Executing VM operation: ParallelGCFailedAllocation (Allocation Failure)
Event: 7381.337 Executing VM operation: ParallelGCFailedAllocation (Allocation Failure) done
Event: 7381.357 Executing VM operation: HandshakeAllThreads (Deoptimize)
Event: 7381.357 Executing VM operation: HandshakeAllThreads (Deoptimize) done
Event: 7381.428 Executing VM operation: ParallelGCFailedAllocation (Allocation Failure)
Event: 7381.430 Executing VM operation: ParallelGCFailedAllocation (Allocation Failure) done

Memory protections (0 events):
No events

Nmethod flushes (20 events):
Event: 6034.290 Thread 0x000002be82a0e840 flushing  nmethod 0x000002be87f2ff90
Event: 6034.290 Thread 0x000002be82a0e840 flushing  nmethod 0x000002be87f62810
Event: 6034.290 Thread 0x000002be82a0e840 flushing  nmethod 0x000002be87f72390
Event: 6034.290 Thread 0x000002be82a0e840 flushing  nmethod 0x000002be87f72710
Event: 6034.290 Thread 0x000002be82a0e840 flushing  nmethod 0x000002be87f73210
Event: 6034.290 Thread 0x000002be82a0e840 flushing  nmethod 0x000002be87f73790
Event: 6034.290 Thread 0x000002be82a0e840 flushing  nmethod 0x000002be87f74990
Event: 6034.290 Thread 0x000002be82a0e840 flushing  nmethod 0x000002be87f7a410
Event: 6034.290 Thread 0x000002be82a0e840 flushing  nmethod 0x000002be87f87990
Event: 6034.290 Thread 0x000002be82a0e840 flushing  nmethod 0x000002be87f93510
Event: 6034.290 Thread 0x000002be82a0e840 flushing  nmethod 0x000002be87f93e90
Event: 6034.290 Thread 0x000002be82a0e840 flushing  nmethod 0x000002be87fe1890
Event: 6034.290 Thread 0x000002be82a0e840 flushing  nmethod 0x000002be88024790
Event: 6034.290 Thread 0x000002be82a0e840 flushing osr nmethod 0x000002be8819e110
Event: 6034.290 Thread 0x000002be82a0e840 flushing  nmethod 0x000002be881a7790
Event: 6034.290 Thread 0x000002be82a0e840 flushing  nmethod 0x000002be881a8490
Event: 6034.290 Thread 0x000002be82a0e840 flushing  nmethod 0x000002be881b1a10
Event: 6034.290 Thread 0x000002be82a0e840 flushing  nmethod 0x000002be8823b510
Event: 6034.290 Thread 0x000002be82a0e840 flushing  nmethod 0x000002be8823b890
Event: 6034.290 Thread 0x000002be82a0e840 flushing  nmethod 0x000002be8823be10

Events (20 events):
Event: 7371.485 Thread 0x000002beed733210 Thread added: 0x000002bee02e3cc0
Event: 7371.485 Thread 0x000002bedf6fc740 Thread added: 0x000002bedf6fcdd0
Event: 7371.485 Thread 0x000002bee02e2fa0 Thread added: 0x000002bedf6fdaf0
Event: 7371.486 Thread 0x000002bee02e3cc0 Thread added: 0x000002bedf6fe180
Event: 7371.486 Thread 0x000002bedf6fcdd0 Thread added: 0x000002bedf6f85a0
Event: 7371.486 Thread 0x000002bedf6fdaf0 Thread added: 0x000002bedf6f7880
Event: 7371.486 Thread 0x000002bedf6fe180 Thread added: 0x000002bedf6fe810
Event: 7371.486 Thread 0x000002bedf6f85a0 Thread added: 0x000002bedf6f7f10
Event: 7371.486 Thread 0x000002bedf6f7880 Thread added: 0x000002bedf6feea0
Event: 7371.486 Thread 0x000002bedf6fe810 Thread added: 0x000002bee27ee320
Event: 7372.276 Thread 0x000002bed94f8ec0 Thread added: 0x000002beed9c37d0
Event: 7372.657 Thread 0x000002beed9c37d0 Thread exited: 0x000002beed9c37d0
Event: 7381.110 Thread 0x000002bed94f8ec0 Thread added: 0x000002beed9bf3b0
Event: 7381.203 Thread 0x000002beed9bf3b0 Thread added: 0x000002beed9be610
Event: 7381.203 Thread 0x000002beed9bf3b0 Thread added: 0x000002beed9c15c0
Event: 7381.203 Thread 0x000002beed9bf3b0 Thread added: 0x000002beed9c37d0
Event: 7381.240 Thread 0x000002beed9be610 Thread added: 0x000002beed9c3ea0
Event: 7381.304 Thread 0x000002bed94d04d0 Thread added: 0x000002beed9bece0
Event: 7381.306 Thread 0x000002bed94f8ec0 Thread added: 0x000002beed9bfa80
Event: 7381.338 Thread 0x000002beed9c15c0 Thread added: 0x000002beed9c0150


Dynamic libraries:
0x00007ff6ded60000 - 0x00007ff6ded6e000 	c:\Users\jqalvarado\.vscode\extensions\redhat.java-1.42.0-win32-x64\jre\21.0.7-win32-x86_64\bin\java.exe
0x00007ff833030000 - 0x00007ff833247000 	C:\Windows\SYSTEM32\ntdll.dll
0x00007ff831a00000 - 0x00007ff831ac4000 	C:\Windows\System32\KERNEL32.DLL
0x00007ff830530000 - 0x00007ff8308e7000 	C:\Windows\System32\KERNELBASE.dll
0x00007ff830b80000 - 0x00007ff830c91000 	C:\Windows\System32\ucrtbase.dll
0x00007ff81ba60000 - 0x00007ff81ba78000 	c:\Users\jqalvarado\.vscode\extensions\redhat.java-1.42.0-win32-x64\jre\21.0.7-win32-x86_64\bin\jli.dll
0x00007ff816a40000 - 0x00007ff816a5e000 	c:\Users\jqalvarado\.vscode\extensions\redhat.java-1.42.0-win32-x64\jre\21.0.7-win32-x86_64\bin\VCRUNTIME140.dll
0x00007ff832020000 - 0x00007ff8321cf000 	C:\Windows\System32\USER32.dll
0x00007ff830990000 - 0x00007ff8309b6000 	C:\Windows\System32\win32u.dll
0x00007ff830e60000 - 0x00007ff830e89000 	C:\Windows\System32\GDI32.dll
0x00007ff830a60000 - 0x00007ff830b78000 	C:\Windows\System32\gdi32full.dll
0x00007ff8308f0000 - 0x00007ff83098a000 	C:\Windows\System32\msvcp_win.dll
0x00007ff817e60000 - 0x00007ff8180f3000 	C:\Windows\WinSxS\amd64_microsoft.windows.common-controls_6595b64144ccf1df_6.0.22621.3672_none_2713b9d173822955\COMCTL32.dll
0x00007ff832d50000 - 0x00007ff832df7000 	C:\Windows\System32\msvcrt.dll
0x00007ff8321d0000 - 0x00007ff832201000 	C:\Windows\System32\IMM32.DLL
0x00007ff820520000 - 0x00007ff82052c000 	c:\Users\jqalvarado\.vscode\extensions\redhat.java-1.42.0-win32-x64\jre\21.0.7-win32-x86_64\bin\vcruntime140_1.dll
0x00007fffe3470000 - 0x00007fffe34fd000 	c:\Users\jqalvarado\.vscode\extensions\redhat.java-1.42.0-win32-x64\jre\21.0.7-win32-x86_64\bin\msvcp140.dll
0x00007fffba720000 - 0x00007fffbb4b0000 	c:\Users\jqalvarado\.vscode\extensions\redhat.java-1.42.0-win32-x64\jre\21.0.7-win32-x86_64\bin\server\jvm.dll
0x00007ff832c90000 - 0x00007ff832d42000 	C:\Windows\System32\ADVAPI32.dll
0x00007ff831190000 - 0x00007ff831238000 	C:\Windows\System32\sechost.dll
0x00007ff8309c0000 - 0x00007ff8309e8000 	C:\Windows\System32\bcrypt.dll
0x00007ff8313f0000 - 0x00007ff831504000 	C:\Windows\System32\RPCRT4.dll
0x00007ff832e60000 - 0x00007ff832ed1000 	C:\Windows\System32\WS2_32.dll
0x00007ff819440000 - 0x00007ff819474000 	C:\Windows\SYSTEM32\WINMM.dll
0x00007ff82fad0000 - 0x00007ff82fb1d000 	C:\Windows\SYSTEM32\POWRPROF.dll
0x00007ff8280b0000 - 0x00007ff8280ba000 	C:\Windows\SYSTEM32\VERSION.dll
0x00007ff82fab0000 - 0x00007ff82fac3000 	C:\Windows\SYSTEM32\UMPDC.dll
0x00007ff82f350000 - 0x00007ff82f368000 	C:\Windows\SYSTEM32\kernel.appcore.dll
0x00007ff820490000 - 0x00007ff82049a000 	c:\Users\jqalvarado\.vscode\extensions\redhat.java-1.42.0-win32-x64\jre\21.0.7-win32-x86_64\bin\jimage.dll
0x00007ff818100000 - 0x00007ff818332000 	C:\Windows\SYSTEM32\DBGHELP.DLL
0x00007ff831ad0000 - 0x00007ff831e5e000 	C:\Windows\System32\combase.dll
0x00007ff832f00000 - 0x00007ff832fd7000 	C:\Windows\System32\OLEAUT32.dll
0x00007ffffe950000 - 0x00007ffffe982000 	C:\Windows\SYSTEM32\dbgcore.DLL
0x00007ff8304b0000 - 0x00007ff83052b000 	C:\Windows\System32\bcryptPrimitives.dll
0x00007ff81ed60000 - 0x00007ff81ed6f000 	c:\Users\jqalvarado\.vscode\extensions\redhat.java-1.42.0-win32-x64\jre\21.0.7-win32-x86_64\bin\instrument.dll
0x00007ff816980000 - 0x00007ff81699f000 	c:\Users\jqalvarado\.vscode\extensions\redhat.java-1.42.0-win32-x64\jre\21.0.7-win32-x86_64\bin\java.dll
0x00007ff832210000 - 0x00007ff832a79000 	C:\Windows\System32\SHELL32.dll
0x00007ff82e1b0000 - 0x00007ff82eaaf000 	C:\Windows\SYSTEM32\windows.storage.dll
0x00007ff82e070000 - 0x00007ff82e1af000 	C:\Windows\SYSTEM32\wintypes.dll
0x00007ff830d60000 - 0x00007ff830e59000 	C:\Windows\System32\SHCORE.dll
0x00007ff832e00000 - 0x00007ff832e5e000 	C:\Windows\System32\shlwapi.dll
0x00007ff830270000 - 0x00007ff830297000 	C:\Windows\SYSTEM32\profapi.dll
0x00007ff806020000 - 0x00007ff806038000 	c:\Users\jqalvarado\.vscode\extensions\redhat.java-1.42.0-win32-x64\jre\21.0.7-win32-x86_64\bin\zip.dll
0x00007ff81ba90000 - 0x00007ff81baa0000 	C:\Users\jqalvarado\.vscode\extensions\redhat.java-1.42.0-win32-x64\jre\21.0.7-win32-x86_64\bin\net.dll
0x00007ff829800000 - 0x00007ff829936000 	C:\Windows\SYSTEM32\WINHTTP.dll
0x00007ff82f7b0000 - 0x00007ff82f819000 	C:\Windows\system32\mswsock.dll
0x00007ffffc240000 - 0x00007ffffc256000 	C:\Users\jqalvarado\.vscode\extensions\redhat.java-1.42.0-win32-x64\jre\21.0.7-win32-x86_64\bin\nio.dll
0x00007ff819640000 - 0x00007ff819650000 	c:\Users\jqalvarado\.vscode\extensions\redhat.java-1.42.0-win32-x64\jre\21.0.7-win32-x86_64\bin\verify.dll
0x00007fffe3420000 - 0x00007fffe3465000 	C:\Users\jqalvarado\AppData\Roaming\Code\User\globalStorage\redhat.java\1.42.0\config_win\org.eclipse.equinox.launcher\org.eclipse.equinox.launcher.win32.win32.x86_64_1.2.1300.v20250331-1702\eclipse_11911.dll
0x00007ff832ae0000 - 0x00007ff832c85000 	C:\Windows\System32\ole32.dll
0x00007ff82fbf0000 - 0x00007ff82fc0b000 	C:\Windows\SYSTEM32\CRYPTSP.dll
0x00007ff82f2b0000 - 0x00007ff82f2e5000 	C:\Windows\system32\rsaenh.dll
0x00007ff82f8c0000 - 0x00007ff82f8e8000 	C:\Windows\SYSTEM32\USERENV.dll
0x00007ff82fbd0000 - 0x00007ff82fbdc000 	C:\Windows\SYSTEM32\CRYPTBASE.dll
0x00007ff82ebd0000 - 0x00007ff82ebfd000 	C:\Windows\SYSTEM32\IPHLPAPI.DLL
0x00007ff831990000 - 0x00007ff831999000 	C:\Windows\System32\NSI.dll
0x00007fffdcef0000 - 0x00007fffdcf39000 	C:\Users\jqalvarado\AppData\Local\Temp\jna-351855191\jna13310863164328450000.dll
0x00007ff830fc0000 - 0x00007ff830fc8000 	C:\Windows\System32\PSAPI.DLL
0x00007ff829970000 - 0x00007ff829989000 	C:\Windows\SYSTEM32\dhcpcsvc6.DLL
0x00007ff8297e0000 - 0x00007ff8297ff000 	C:\Windows\SYSTEM32\dhcpcsvc.DLL
0x00007ff8205d0000 - 0x00007ff8205de000 	C:\Users\jqalvarado\.vscode\extensions\redhat.java-1.42.0-win32-x64\jre\21.0.7-win32-x86_64\bin\sunmscapi.dll
0x00007ff830340000 - 0x00007ff8304a6000 	C:\Windows\System32\CRYPT32.dll
0x00007ff82fd00000 - 0x00007ff82fd2d000 	C:\Windows\SYSTEM32\ncrypt.dll
0x00007ff82fcc0000 - 0x00007ff82fcf7000 	C:\Windows\SYSTEM32\NTASN1.dll
0x00007ff820570000 - 0x00007ff820579000 	C:\Users\jqalvarado\.vscode\extensions\redhat.java-1.42.0-win32-x64\jre\21.0.7-win32-x86_64\bin\extnet.dll
0x00007ff82ec00000 - 0x00007ff82ed02000 	C:\Windows\SYSTEM32\DNSAPI.dll
0x00007ff828900000 - 0x00007ff82890a000 	C:\Windows\System32\rasadhlp.dll
0x00007ff829bf0000 - 0x00007ff829c73000 	C:\Windows\System32\fwpuclnt.dll

dbghelp: loaded successfully - version: 4.0.5 - missing functions: none
symbol engine: initialized successfully - sym options: 0x614 - pdb path: .;c:\Users\jqalvarado\.vscode\extensions\redhat.java-1.42.0-win32-x64\jre\21.0.7-win32-x86_64\bin;C:\Windows\SYSTEM32;C:\Windows\WinSxS\amd64_microsoft.windows.common-controls_6595b64144ccf1df_6.0.22621.3672_none_2713b9d173822955;c:\Users\jqalvarado\.vscode\extensions\redhat.java-1.42.0-win32-x64\jre\21.0.7-win32-x86_64\bin\server;C:\Users\jqalvarado\AppData\Roaming\Code\User\globalStorage\redhat.java\1.42.0\config_win\org.eclipse.equinox.launcher\org.eclipse.equinox.launcher.win32.win32.x86_64_1.2.1300.v20250331-1702;C:\Users\jqalvarado\AppData\Local\Temp\jna-351855191

VM Arguments:
jvm_args: --add-modules=ALL-SYSTEM --add-opens=java.base/java.util=ALL-UNNAMED --add-opens=java.base/java.lang=ALL-UNNAMED --add-opens=java.base/sun.nio.fs=ALL-UNNAMED -Declipse.application=org.eclipse.jdt.ls.core.id1 -Dosgi.bundles.defaultStartLevel=4 -Declipse.product=org.eclipse.jdt.ls.core.product -Djava.import.generatesMetadataFilesAtProjectRoot=false -DDetectVMInstallationsJob.disabled=true -Dfile.encoding=utf8 -XX:+UseParallelGC -XX:GCTimeRatio=4 -XX:AdaptiveSizePolicyWeight=90 -Dsun.zip.disableMemoryMapping=true -Xmx1G -Xms100m -Xlog:disable -javaagent:c:\Users\jqalvarado\.vscode\extensions\redhat.java-1.42.0-win32-x64\lombok\lombok-1.18.36.jar -XX:+HeapDumpOnOutOfMemoryError -XX:HeapDumpPath=c:\Users\jqalvarado\AppData\Roaming\Code\User\workspaceStorage\963e6637c6a0c03c040c4ddaf3fbd734\redhat.java -Daether.dependencyCollector.impl=bf 
java_command: c:\Users\jqalvarado\.vscode\extensions\redhat.java-1.42.0-win32-x64\server\plugins\org.eclipse.equinox.launcher_1.7.0.v20250424-1814.jar -configuration c:\Users\jqalvarado\AppData\Roaming\Code\User\globalStorage\redhat.java\1.42.0\config_win -data c:\Users\jqalvarado\AppData\Roaming\Code\User\workspaceStorage\963e6637c6a0c03c040c4ddaf3fbd734\redhat.java\jdt_ws --pipe=\\.\pipe\lsp-349497cedfd88054326021384f2eb860-sock
java_class_path (initial): c:\Users\jqalvarado\.vscode\extensions\redhat.java-1.42.0-win32-x64\server\plugins\org.eclipse.equinox.launcher_1.7.0.v20250424-1814.jar
Launcher Type: SUN_STANDARD

[Global flags]
    uintx AdaptiveSizePolicyWeight                 = 90                                        {product} {command line}
     intx CICompilerCount                          = 12                                        {product} {ergonomic}
    uintx GCTimeRatio                              = 4                                         {product} {command line}
     bool HeapDumpOnOutOfMemoryError               = true                                   {manageable} {command line}
    ccstr HeapDumpPath                             = c:\Users\jqalvarado\AppData\Roaming\Code\User\workspaceStorage\963e6637c6a0c03c040c4ddaf3fbd734\redhat.java         {manageable} {command line}
   size_t InitialHeapSize                          = 104857600                                 {product} {command line}
   size_t MaxHeapSize                              = 1073741824                                {product} {command line}
   size_t MaxNewSize                               = 357564416                                 {product} {ergonomic}
   size_t MinHeapDeltaBytes                        = 524288                                    {product} {ergonomic}
   size_t MinHeapSize                              = 104857600                                 {product} {command line}
   size_t NewSize                                  = 34603008                                  {product} {ergonomic}
    uintx NonNMethodCodeHeapSize                   = 7602480                                {pd product} {ergonomic}
    uintx NonProfiledCodeHeapSize                  = 122027880                              {pd product} {ergonomic}
   size_t OldSize                                  = 70254592                                  {product} {ergonomic}
    uintx ProfiledCodeHeapSize                     = 122027880                              {pd product} {ergonomic}
    uintx ReservedCodeCacheSize                    = 251658240                              {pd product} {ergonomic}
     bool SegmentedCodeCache                       = true                                      {product} {ergonomic}
   size_t SoftMaxHeapSize                          = 1073741824                             {manageable} {ergonomic}
     bool UseCompressedOops                        = true                           {product lp64_product} {ergonomic}
     bool UseLargePagesIndividualAllocation        = false                                  {pd product} {ergonomic}
     bool UseParallelGC                            = true                                      {product} {command line}

Logging:
Log output configuration:
 #0: stdout all=off uptime,level,tags foldmultilines=false
 #1: stderr all=off uptime,level,tags foldmultilines=false

Environment Variables:
JAVA_HOME=C:\Program Files\Java\jdk1.7.0_80
PATH=C:\Program Files\Common Files\Oracle\Java\javapath;C:\Program Files (x86)\Common Files\Oracle\Java\javapath;D:\app\jqalvarado\product\11.2.0\client_1;D:\app\jqalvarado\product\12.1.0\dbhome_1\bin;C:\Program Files (x86)\RSA SecurID Token Common;C:\Program Files\RSA SecurID Token Common;C:\Windows\system32;C:\Windows;C:\Windows\System32\Wbem;C:\Windows\System32\WindowsPowerShell\v1.0\;C:\Windows\System32\OpenSSH\;C:\Program Files (x86)\CheckPoint\Endpoint Security\Endpoint Common\bin;C:\Program Files\Git\cmd;D:\INSTALADORES\share_jboss\jboss\apache-maven-3.2.3\bin;C:\Program Files\Java\jdk1.7.0_80\bin;C:\Users\jqalvarado\AppData\Local\Microsoft\WindowsApps;C:\Users\jqalvarado\AppData\Local\Programs\Microsoft VS Code\bin;C:\Users\jqalvarado\AppData\Local\Programs\EmEditor
USERNAME=jqalvarado
OS=Windows_NT
PROCESSOR_IDENTIFIER=Intel64 Family 6 Model 165 Stepping 5, GenuineIntel
TMP=C:\Users\JQALVA~1\AppData\Local\Temp
TEMP=C:\Users\JQALVA~1\AppData\Local\Temp




Periodic native trim disabled

---------------  S Y S T E M  ---------------

OS:
 Windows 11 , 64 bit Build 22621 (10.0.22621.3958)
OS uptime: 28 days 6:56 hours
Hyper-V role detected

CPU: total 16 (initial active 16) (8 cores per cpu, 2 threads per core) family 6 model 165 stepping 5 microcode 0xf6, cx8, cmov, fxsr, ht, mmx, 3dnowpref, sse, sse2, sse3, ssse3, sse4.1, sse4.2, popcnt, lzcnt, tsc, tscinvbit, avx, avx2, aes, erms, clmul, bmi1, bmi2, adx, fma, vzeroupper, clflush, clflushopt, hv, rdtscp, f16c
Processor Information for the first 16 processors :
  Max Mhz: 2904, Current Mhz: 2904, Mhz Limit: 2904

Memory: 4k page, system-wide physical 16121M (1420M free)
TotalPageFile size 45823M (AvailPageFile size 0M)
current process WorkingSet (physical memory assigned to process): 596M, peak: 1094M
current process commit charge ("private bytes"): 1102M, peak: 1109M

vm_info: OpenJDK 64-Bit Server VM (21.0.7+6-LTS) for windows-amd64 JRE (21.0.7+6-LTS), built on 2025-04-15T00:00:00Z by "admin" with MS VC++ 17.7 (VS2022)

END.
